
 [2020-11-09 10:36:27] Method Name: [save]: Total Executions: [2]: Time Average (ms): [3322]

 [2020-11-09 10:36:57] Method Name: [save]: Total Executions: [5]: Time Average (ms): [2]

 [2020-11-09 10:37:02] Method Name: [save]: Total Executions: [1]: Time Average (ms): [2]

 [2020-11-09 10:37:37] Method Name: [save]: Total Executions: [1]: Time Average (ms): [2]

 [2020-11-09 10:37:57] Method Name: [save]: Total Executions: [1]: Time Average (ms): [2]

 [2020-11-09 10:38:12] Method Name: [save]: Total Executions: [1]: Time Average (ms): [2]

 [2020-11-09 10:38:47] Method Name: [save]: Total Executions: [1]: Time Average (ms): [2]

 [2020-11-09 10:38:57] Method Name: [save]: Total Executions: [1]: Time Average (ms): [2]

 [2020-11-09 10:39:22] Method Name: [save]: Total Executions: [1]: Time Average (ms): [3]

 [2020-11-09 10:39:57] Method Name: [save]: Total Executions: [1]: Time Average (ms): [2]

 [2020-11-09 10:39:57] Method Name: [save]: Total Executions: [1]: Time Average (ms): [3]

 [2020-11-09 10:40:32] Method Name: [save]: Total Executions: [1]: Time Average (ms): [3]

 [2020-11-09 10:40:57] Method Name: [save]: Total Executions: [1]: Time Average (ms): [2]

 [2020-11-09 10:41:07] Method Name: [save]: Total Executions: [1]: Time Average (ms): [4]

 [2020-11-09 10:41:42] Method Name: [save]: Total Executions: [1]: Time Average (ms): [2]

 [2020-11-09 10:41:57] Method Name: [save]: Total Executions: [1]: Time Average (ms): [3]

 [2020-11-09 10:42:17] Method Name: [save]: Total Executions: [1]: Time Average (ms): [3]

 [2020-11-09 10:42:52] Method Name: [save]: Total Executions: [1]: Time Average (ms): [3]

 [2020-11-09 10:42:57] Method Name: [save]: Total Executions: [1]: Time Average (ms): [2]

 [2020-11-09 10:43:27] Method Name: [save]: Total Executions: [1]: Time Average (ms): [2]

 [2020-11-09 10:43:57] Method Name: [save]: Total Executions: [1]: Time Average (ms): [2]

 [2020-11-09 10:44:02] Method Name: [save]: Total Executions: [1]: Time Average (ms): [2]

 [2020-11-09 10:44:37] Method Name: [save]: Total Executions: [1]: Time Average (ms): [2]

 [2020-11-09 10:44:57] Method Name: [save]: Total Executions: [1]: Time Average (ms): [2]

 [2020-11-09 10:45:12] Method Name: [save]: Total Executions: [1]: Time Average (ms): [2]

 [2020-11-09 10:45:47] Method Name: [save]: Total Executions: [1]: Time Average (ms): [3]

 [2020-11-09 10:45:57] Method Name: [save]: Total Executions: [1]: Time Average (ms): [2]

 [2020-11-09 10:46:22] Method Name: [save]: Total Executions: [1]: Time Average (ms): [2]

 [2020-11-09 10:48:17] Method Name: [apiDocket]: Total Executions: [1]: Time Average (ms): [18]

 [2020-11-09 10:48:32] Method Name: [save]: Total Executions: [1]: Time Average (ms): [85]

 [2020-11-09 10:48:51] Method Name: [save]: Total Executions: [1]: Time Average (ms): [2]

 [2020-11-09 10:49:26] Method Name: [save]: Total Executions: [1]: Time Average (ms): [3]

 [2020-11-09 10:49:32] Method Name: [save]: Total Executions: [1]: Time Average (ms): [2]

 [2020-11-09 10:50:01] Method Name: [save]: Total Executions: [5]: Time Average (ms): [5]
 [2020-11-09 10:50:02] Method Name: [getAll]: Total Executions: [1]: Time Average (ms): [11740]

 [2020-11-09 10:50:32] Method Name: [save]: Total Executions: [2]: Time Average (ms): [2]
 [2020-11-09 10:50:32] Method Name: [getAll]: Total Executions: [2]: Time Average (ms): [2927]

 [2020-11-09 10:50:36] Method Name: [save]: Total Executions: [2]: Time Average (ms): [3]

 [2020-11-09 10:51:11] Method Name: [save]: Total Executions: [1]: Time Average (ms): [3]

 [2020-11-09 10:51:32] Method Name: [save]: Total Executions: [1]: Time Average (ms): [2]

 [2020-11-09 10:51:46] Method Name: [save]: Total Executions: [1]: Time Average (ms): [3]

 [2020-11-09 10:52:21] Method Name: [save]: Total Executions: [1]: Time Average (ms): [2]

 [2020-11-09 10:52:32] Method Name: [save]: Total Executions: [1]: Time Average (ms): [3]

 [2020-11-09 10:52:56] Method Name: [save]: Total Executions: [1]: Time Average (ms): [2]

 [2020-11-09 10:53:31] Method Name: [save]: Total Executions: [2]: Time Average (ms): [2]
 [2020-11-09 10:53:32] Method Name: [update]: Total Executions: [1]: Time Average (ms): [185]
 [2020-11-09 10:53:32] Method Name: [getAll]: Total Executions: [1]: Time Average (ms): [3375]
 [2020-11-09 10:53:32] Method Name: [findById]: Total Executions: [1]: Time Average (ms): [148]

 [2020-11-09 10:53:32] Method Name: [save]: Total Executions: [4]: Time Average (ms): [1]

 [2020-11-09 10:54:07] Method Name: [save]: Total Executions: [3]: Time Average (ms): [2]
 [2020-11-09 10:54:07] Method Name: [update]: Total Executions: [1]: Time Average (ms): [4]
 [2020-11-09 10:54:07] Method Name: [findById]: Total Executions: [2]: Time Average (ms): [3]

 [2020-11-09 10:54:32] Method Name: [save]: Total Executions: [4]: Time Average (ms): [44]
 [2020-11-09 10:54:32] Method Name: [update]: Total Executions: [1]: Time Average (ms): [2232]

 [2020-11-09 10:54:41] Method Name: [save]: Total Executions: [2]: Time Average (ms): [2]

 [2020-11-09 10:55:16] Method Name: [save]: Total Executions: [1]: Time Average (ms): [2]

 [2020-11-09 10:55:32] Method Name: [save]: Total Executions: [1]: Time Average (ms): [2]

 [2020-11-09 10:55:51] Method Name: [save]: Total Executions: [1]: Time Average (ms): [2]

 [2020-11-09 10:56:26] Method Name: [save]: Total Executions: [1]: Time Average (ms): [2]

 [2020-11-09 10:56:32] Method Name: [save]: Total Executions: [1]: Time Average (ms): [2]

 [2020-11-09 10:57:01] Method Name: [save]: Total Executions: [1]: Time Average (ms): [3]

 [2020-11-09 10:57:32] Method Name: [save]: Total Executions: [1]: Time Average (ms): [2]

 [2020-11-09 10:57:36] Method Name: [save]: Total Executions: [1]: Time Average (ms): [2]

 [2020-11-09 10:58:11] Method Name: [save]: Total Executions: [1]: Time Average (ms): [1]

 [2020-11-09 10:58:32] Method Name: [save]: Total Executions: [1]: Time Average (ms): [3]

 [2020-11-09 10:58:46] Method Name: [save]: Total Executions: [1]: Time Average (ms): [2]

 [2020-11-09 10:59:21] Method Name: [save]: Total Executions: [1]: Time Average (ms): [2]

 [2020-11-09 10:59:32] Method Name: [save]: Total Executions: [1]: Time Average (ms): [2]

 [2020-11-09 10:59:56] Method Name: [save]: Total Executions: [1]: Time Average (ms): [2]

 [2020-11-09 11:00:31] Method Name: [save]: Total Executions: [1]: Time Average (ms): [2]

 [2020-11-09 11:00:32] Method Name: [save]: Total Executions: [1]: Time Average (ms): [2]

 [2020-11-09 11:01:06] Method Name: [save]: Total Executions: [1]: Time Average (ms): [1]

 [2020-11-09 11:01:32] Method Name: [save]: Total Executions: [1]: Time Average (ms): [2]

 [2020-11-09 11:01:42] Method Name: [save]: Total Executions: [1]: Time Average (ms): [2]

 [2020-11-09 11:02:16] Method Name: [save]: Total Executions: [1]: Time Average (ms): [15]

 [2020-11-09 11:02:32] Method Name: [save]: Total Executions: [1]: Time Average (ms): [2]

 [2020-11-09 11:02:51] Method Name: [save]: Total Executions: [1]: Time Average (ms): [2]

 [2020-11-09 11:03:26] Method Name: [save]: Total Executions: [1]: Time Average (ms): [2]

 [2020-11-09 11:03:32] Method Name: [save]: Total Executions: [1]: Time Average (ms): [1]

 [2020-11-09 11:04:01] Method Name: [save]: Total Executions: [1]: Time Average (ms): [1]

 [2020-11-09 11:04:32] Method Name: [save]: Total Executions: [1]: Time Average (ms): [1]

 [2020-11-09 11:04:36] Method Name: [save]: Total Executions: [1]: Time Average (ms): [2]

 [2020-11-09 11:05:11] Method Name: [save]: Total Executions: [1]: Time Average (ms): [1]

 [2020-11-09 11:05:32] Method Name: [save]: Total Executions: [1]: Time Average (ms): [1]

 [2020-11-09 11:05:46] Method Name: [save]: Total Executions: [1]: Time Average (ms): [2]

 [2020-11-09 11:06:22] Method Name: [save]: Total Executions: [1]: Time Average (ms): [1]

 [2020-11-09 11:06:32] Method Name: [save]: Total Executions: [1]: Time Average (ms): [5]

 [2020-11-09 11:06:56] Method Name: [save]: Total Executions: [1]: Time Average (ms): [1]

 [2020-11-09 11:07:31] Method Name: [save]: Total Executions: [1]: Time Average (ms): [2]

 [2020-11-09 11:07:32] Method Name: [save]: Total Executions: [1]: Time Average (ms): [1]

 [2020-11-09 11:08:06] Method Name: [save]: Total Executions: [1]: Time Average (ms): [2]

 [2020-11-09 11:08:32] Method Name: [save]: Total Executions: [1]: Time Average (ms): [2]

 [2020-11-09 11:08:41] Method Name: [save]: Total Executions: [1]: Time Average (ms): [19]

 [2020-11-09 11:09:16] Method Name: [save]: Total Executions: [1]: Time Average (ms): [1]

 [2020-11-09 11:09:32] Method Name: [save]: Total Executions: [1]: Time Average (ms): [2]

 [2020-11-09 11:09:51] Method Name: [save]: Total Executions: [1]: Time Average (ms): [2]

 [2020-11-09 11:10:26] Method Name: [save]: Total Executions: [1]: Time Average (ms): [2]

 [2020-11-09 11:10:32] Method Name: [save]: Total Executions: [1]: Time Average (ms): [3]

 [2020-11-09 11:11:01] Method Name: [save]: Total Executions: [1]: Time Average (ms): [2]

 [2020-11-09 11:11:32] Method Name: [save]: Total Executions: [1]: Time Average (ms): [2]

 [2020-11-09 11:11:36] Method Name: [save]: Total Executions: [1]: Time Average (ms): [2]

 [2020-11-09 11:12:11] Method Name: [save]: Total Executions: [1]: Time Average (ms): [2]

 [2020-11-09 11:12:32] Method Name: [save]: Total Executions: [1]: Time Average (ms): [2]

 [2020-11-09 11:12:46] Method Name: [save]: Total Executions: [1]: Time Average (ms): [2]

 [2020-11-09 11:13:21] Method Name: [save]: Total Executions: [1]: Time Average (ms): [2]

 [2020-11-09 11:13:32] Method Name: [save]: Total Executions: [1]: Time Average (ms): [1]

 [2020-11-09 11:13:56] Method Name: [save]: Total Executions: [1]: Time Average (ms): [2]

 [2020-11-09 11:14:31] Method Name: [save]: Total Executions: [1]: Time Average (ms): [3]

 [2020-11-09 11:14:32] Method Name: [save]: Total Executions: [1]: Time Average (ms): [2]

 [2020-11-09 11:15:06] Method Name: [save]: Total Executions: [1]: Time Average (ms): [1]

 [2020-11-09 11:15:32] Method Name: [save]: Total Executions: [1]: Time Average (ms): [2]

 [2020-11-09 11:15:41] Method Name: [save]: Total Executions: [1]: Time Average (ms): [1]

 [2020-11-09 11:16:16] Method Name: [save]: Total Executions: [1]: Time Average (ms): [2]

 [2020-11-09 11:16:32] Method Name: [save]: Total Executions: [1]: Time Average (ms): [1]

 [2020-11-09 11:16:51] Method Name: [save]: Total Executions: [1]: Time Average (ms): [2]

 [2020-11-09 11:17:26] Method Name: [save]: Total Executions: [1]: Time Average (ms): [1]

 [2020-11-09 11:17:32] Method Name: [save]: Total Executions: [1]: Time Average (ms): [1]

 [2020-11-09 11:18:01] Method Name: [save]: Total Executions: [1]: Time Average (ms): [2]

 [2020-11-09 11:18:32] Method Name: [save]: Total Executions: [1]: Time Average (ms): [1]

 [2020-11-09 11:18:36] Method Name: [save]: Total Executions: [1]: Time Average (ms): [2]

 [2020-11-09 11:19:11] Method Name: [save]: Total Executions: [1]: Time Average (ms): [1]

 [2020-11-09 11:19:32] Method Name: [save]: Total Executions: [1]: Time Average (ms): [1]

 [2020-11-09 11:19:46] Method Name: [save]: Total Executions: [1]: Time Average (ms): [2]

 [2020-11-09 11:20:21] Method Name: [save]: Total Executions: [1]: Time Average (ms): [1]

 [2020-11-09 11:20:32] Method Name: [save]: Total Executions: [1]: Time Average (ms): [1]

 [2020-11-09 11:20:56] Method Name: [save]: Total Executions: [1]: Time Average (ms): [1]

 [2020-11-09 11:21:31] Method Name: [save]: Total Executions: [1]: Time Average (ms): [1]

 [2020-11-09 11:21:32] Method Name: [save]: Total Executions: [1]: Time Average (ms): [2]

 [2020-11-09 11:22:06] Method Name: [save]: Total Executions: [1]: Time Average (ms): [1]

 [2020-11-09 11:22:32] Method Name: [save]: Total Executions: [1]: Time Average (ms): [2]

 [2020-11-09 11:22:41] Method Name: [save]: Total Executions: [1]: Time Average (ms): [2]

 [2020-11-09 11:23:16] Method Name: [save]: Total Executions: [1]: Time Average (ms): [2]

 [2020-11-09 11:23:32] Method Name: [save]: Total Executions: [1]: Time Average (ms): [1]

 [2020-11-09 11:23:51] Method Name: [save]: Total Executions: [1]: Time Average (ms): [1]

 [2020-11-09 11:24:26] Method Name: [save]: Total Executions: [1]: Time Average (ms): [2]

 [2020-11-09 11:24:32] Method Name: [save]: Total Executions: [1]: Time Average (ms): [1]

 [2020-11-09 11:25:01] Method Name: [save]: Total Executions: [1]: Time Average (ms): [2]

 [2020-11-09 11:25:32] Method Name: [save]: Total Executions: [1]: Time Average (ms): [1]

 [2020-11-09 11:25:36] Method Name: [save]: Total Executions: [1]: Time Average (ms): [2]

 [2020-11-09 11:26:11] Method Name: [save]: Total Executions: [1]: Time Average (ms): [1]

 [2020-11-09 11:26:32] Method Name: [save]: Total Executions: [1]: Time Average (ms): [2]

 [2020-11-09 11:26:46] Method Name: [save]: Total Executions: [1]: Time Average (ms): [1]

 [2020-11-09 11:27:21] Method Name: [save]: Total Executions: [1]: Time Average (ms): [1]

 [2020-11-09 11:27:32] Method Name: [save]: Total Executions: [1]: Time Average (ms): [2]

 [2020-11-09 11:27:57] Method Name: [save]: Total Executions: [1]: Time Average (ms): [1]

 [2020-11-09 11:28:32] Method Name: [save]: Total Executions: [1]: Time Average (ms): [7]

 [2020-11-09 11:28:32] Method Name: [save]: Total Executions: [1]: Time Average (ms): [44]

 [2020-11-09 11:29:06] Method Name: [save]: Total Executions: [1]: Time Average (ms): [3]

 [2020-11-09 11:29:32] Method Name: [save]: Total Executions: [1]: Time Average (ms): [2]

 [2020-11-09 11:29:41] Method Name: [save]: Total Executions: [1]: Time Average (ms): [2]

 [2020-11-09 11:30:16] Method Name: [save]: Total Executions: [1]: Time Average (ms): [1]

 [2020-11-09 11:30:32] Method Name: [save]: Total Executions: [1]: Time Average (ms): [2]

 [2020-11-09 11:30:51] Method Name: [save]: Total Executions: [1]: Time Average (ms): [3]

 [2020-11-09 11:31:26] Method Name: [save]: Total Executions: [1]: Time Average (ms): [2]

 [2020-11-09 11:31:32] Method Name: [save]: Total Executions: [1]: Time Average (ms): [1]

 [2020-11-09 11:32:01] Method Name: [save]: Total Executions: [1]: Time Average (ms): [2]

 [2020-11-09 11:32:32] Method Name: [save]: Total Executions: [1]: Time Average (ms): [1]

 [2020-11-09 11:32:36] Method Name: [save]: Total Executions: [1]: Time Average (ms): [1]

 [2020-11-09 11:33:11] Method Name: [save]: Total Executions: [1]: Time Average (ms): [1]

 [2020-11-09 11:33:32] Method Name: [save]: Total Executions: [1]: Time Average (ms): [1]

 [2020-11-09 11:33:46] Method Name: [save]: Total Executions: [1]: Time Average (ms): [1]

 [2020-11-09 11:34:21] Method Name: [save]: Total Executions: [1]: Time Average (ms): [1]

 [2020-11-09 11:34:32] Method Name: [save]: Total Executions: [1]: Time Average (ms): [1]

 [2020-11-09 11:34:56] Method Name: [save]: Total Executions: [1]: Time Average (ms): [1]

 [2020-11-09 11:35:31] Method Name: [save]: Total Executions: [1]: Time Average (ms): [1]

 [2020-11-09 11:35:32] Method Name: [save]: Total Executions: [1]: Time Average (ms): [1]

 [2020-11-09 11:36:06] Method Name: [save]: Total Executions: [1]: Time Average (ms): [1]

 [2020-11-09 12:00:28] Method Name: [save]: Total Executions: [1]: Time Average (ms): [1]

 [2020-11-09 12:01:40] Method Name: [save]: Total Executions: [1]: Time Average (ms): [873967]

 [2020-11-09 12:01:51] Method Name: [save]: Total Executions: [1]: Time Average (ms): [71646]

 [2020-11-09 12:01:54] Method Name: [save]: Total Executions: [1]: Time Average (ms): [11634]

 [2020-11-09 12:21:54] Method Name: [save]: Total Executions: [1]: Time Average (ms): [1]

 [2020-11-09 12:24:04] Method Name: [save]: Total Executions: [1]: Time Average (ms): [684331]

 [2020-11-09 15:08:09] Method Name: [apiDocket]: Total Executions: [1]: Time Average (ms): [14]

 [2020-11-09 15:08:23] Method Name: [save]: Total Executions: [1]: Time Average (ms): [84]

 [2020-11-09 15:08:43] Method Name: [save]: Total Executions: [1]: Time Average (ms): [1]

 [2020-11-09 15:09:18] Method Name: [save]: Total Executions: [1]: Time Average (ms): [2]

 [2020-11-09 15:09:23] Method Name: [save]: Total Executions: [1]: Time Average (ms): [2]

 [2020-11-09 15:09:53] Method Name: [save]: Total Executions: [1]: Time Average (ms): [3]

 [2020-11-09 15:10:24] Method Name: [save]: Total Executions: [1]: Time Average (ms): [2]

 [2020-11-09 15:10:28] Method Name: [save]: Total Executions: [1]: Time Average (ms): [14]

 [2020-11-09 15:11:03] Method Name: [save]: Total Executions: [1]: Time Average (ms): [3]

 [2020-11-09 15:11:23] Method Name: [save]: Total Executions: [1]: Time Average (ms): [2]

 [2020-11-09 15:11:38] Method Name: [save]: Total Executions: [1]: Time Average (ms): [2]

 [2020-11-09 15:12:13] Method Name: [save]: Total Executions: [1]: Time Average (ms): [2]

 [2020-11-09 15:12:23] Method Name: [save]: Total Executions: [1]: Time Average (ms): [2]

 [2020-11-09 15:12:48] Method Name: [save]: Total Executions: [1]: Time Average (ms): [6]

 [2020-11-09 15:13:23] Method Name: [save]: Total Executions: [1]: Time Average (ms): [1]

 [2020-11-09 15:13:24] Method Name: [save]: Total Executions: [1]: Time Average (ms): [4]

 [2020-11-09 15:13:58] Method Name: [save]: Total Executions: [1]: Time Average (ms): [3]

 [2020-11-09 15:14:23] Method Name: [save]: Total Executions: [3]: Time Average (ms): [7166]

 [2020-11-09 15:14:33] Method Name: [save]: Total Executions: [1]: Time Average (ms): [1]

 [2020-11-09 15:15:08] Method Name: [save]: Total Executions: [1]: Time Average (ms): [2]

 [2020-11-09 15:15:23] Method Name: [save]: Total Executions: [1]: Time Average (ms): [4]

 [2020-11-09 15:15:43] Method Name: [save]: Total Executions: [1]: Time Average (ms): [3]

 [2020-11-09 15:21:52] Method Name: [apiDocket]: Total Executions: [1]: Time Average (ms): [14]

 [2020-11-09 15:22:07] Method Name: [save]: Total Executions: [1]: Time Average (ms): [59]

 [2020-11-09 15:22:27] Method Name: [save]: Total Executions: [1]: Time Average (ms): [2]

 [2020-11-09 15:23:02] Method Name: [save]: Total Executions: [1]: Time Average (ms): [2]

 [2020-11-09 15:23:07] Method Name: [save]: Total Executions: [1]: Time Average (ms): [3]

 [2020-11-09 15:23:37] Method Name: [save]: Total Executions: [1]: Time Average (ms): [1]

 [2020-11-09 15:24:07] Method Name: [save]: Total Executions: [1]: Time Average (ms): [1]

 [2020-11-09 15:24:12] Method Name: [save]: Total Executions: [1]: Time Average (ms): [2]

 [2020-11-09 15:24:47] Method Name: [save]: Total Executions: [1]: Time Average (ms): [2]

 [2020-11-09 15:25:07] Method Name: [save]: Total Executions: [1]: Time Average (ms): [1]

 [2020-11-09 15:25:22] Method Name: [save]: Total Executions: [1]: Time Average (ms): [1]

 [2020-11-09 15:25:57] Method Name: [save]: Total Executions: [1]: Time Average (ms): [1]

 [2020-11-09 15:26:07] Method Name: [save]: Total Executions: [1]: Time Average (ms): [1]

 [2020-11-09 15:26:32] Method Name: [save]: Total Executions: [1]: Time Average (ms): [2]

 [2020-11-09 15:27:07] Method Name: [save]: Total Executions: [1]: Time Average (ms): [2]

 [2020-11-09 15:27:07] Method Name: [save]: Total Executions: [1]: Time Average (ms): [3]

 [2020-11-09 15:27:42] Method Name: [save]: Total Executions: [1]: Time Average (ms): [3]

 [2020-11-09 15:28:07] Method Name: [save]: Total Executions: [1]: Time Average (ms): [1]

 [2020-11-09 15:28:17] Method Name: [save]: Total Executions: [1]: Time Average (ms): [2]

 [2020-11-09 15:28:52] Method Name: [save]: Total Executions: [1]: Time Average (ms): [1]

 [2020-11-09 15:29:07] Method Name: [save]: Total Executions: [1]: Time Average (ms): [1]

 [2020-11-09 15:29:27] Method Name: [save]: Total Executions: [1]: Time Average (ms): [2]

 [2020-11-09 15:30:02] Method Name: [save]: Total Executions: [1]: Time Average (ms): [1]

 [2020-11-09 15:30:07] Method Name: [save]: Total Executions: [1]: Time Average (ms): [1]

 [2020-11-09 15:30:37] Method Name: [save]: Total Executions: [1]: Time Average (ms): [1]

 [2020-11-09 15:31:07] Method Name: [save]: Total Executions: [1]: Time Average (ms): [1]

 [2020-11-09 15:31:12] Method Name: [save]: Total Executions: [1]: Time Average (ms): [3]

 [2020-11-09 15:31:47] Method Name: [save]: Total Executions: [1]: Time Average (ms): [1]

 [2020-11-09 15:32:07] Method Name: [save]: Total Executions: [1]: Time Average (ms): [2]

 [2020-11-09 15:32:22] Method Name: [save]: Total Executions: [1]: Time Average (ms): [2]

 [2020-11-09 15:32:57] Method Name: [save]: Total Executions: [3]: Time Average (ms): [5]
 [2020-11-09 15:32:57] Method Name: [getAll]: Total Executions: [3]: Time Average (ms): [9299]

 [2020-11-09 15:33:07] Method Name: [save]: Total Executions: [2]: Time Average (ms): [2]

 [2020-11-09 15:33:32] Method Name: [save]: Total Executions: [3]: Time Average (ms): [2]
 [2020-11-09 15:33:32] Method Name: [update]: Total Executions: [2]: Time Average (ms): [13]
 [2020-11-09 15:33:32] Method Name: [getAll]: Total Executions: [1]: Time Average (ms): [4112]
 [2020-11-09 15:33:32] Method Name: [findById]: Total Executions: [2]: Time Average (ms): [8]

 [2020-11-09 15:34:07] Method Name: [save]: Total Executions: [6]: Time Average (ms): [5]
 [2020-11-09 15:34:07] Method Name: [update]: Total Executions: [1]: Time Average (ms): [3583]
 [2020-11-09 15:34:07] Method Name: [findById]: Total Executions: [1]: Time Average (ms): [4]

 [2020-11-09 15:34:07] Method Name: [save]: Total Executions: [3]: Time Average (ms): [1]

 [2020-11-09 15:34:42] Method Name: [save]: Total Executions: [1]: Time Average (ms): [1]

 [2020-11-09 15:35:07] Method Name: [save]: Total Executions: [1]: Time Average (ms): [1]

 [2020-11-09 15:35:17] Method Name: [save]: Total Executions: [1]: Time Average (ms): [2]

 [2020-11-09 15:35:52] Method Name: [save]: Total Executions: [1]: Time Average (ms): [1]

 [2020-11-09 15:36:07] Method Name: [save]: Total Executions: [1]: Time Average (ms): [1]

 [2020-11-09 15:36:27] Method Name: [save]: Total Executions: [1]: Time Average (ms): [3]

 [2020-11-09 15:37:02] Method Name: [save]: Total Executions: [1]: Time Average (ms): [1]

 [2020-11-09 15:37:07] Method Name: [save]: Total Executions: [1]: Time Average (ms): [3]

 [2020-11-09 15:37:37] Method Name: [save]: Total Executions: [1]: Time Average (ms): [2]

 [2020-11-09 15:38:07] Method Name: [save]: Total Executions: [1]: Time Average (ms): [2]

 [2020-11-09 15:38:12] Method Name: [save]: Total Executions: [1]: Time Average (ms): [2]

 [2020-11-09 15:38:47] Method Name: [save]: Total Executions: [1]: Time Average (ms): [1]

 [2020-11-09 15:39:07] Method Name: [save]: Total Executions: [1]: Time Average (ms): [2]

 [2020-11-09 15:39:22] Method Name: [save]: Total Executions: [1]: Time Average (ms): [2]

 [2020-11-09 15:39:57] Method Name: [save]: Total Executions: [1]: Time Average (ms): [1]

 [2020-11-09 15:40:07] Method Name: [save]: Total Executions: [1]: Time Average (ms): [1]

 [2020-11-09 15:40:32] Method Name: [save]: Total Executions: [1]: Time Average (ms): [1]

 [2020-11-09 15:41:07] Method Name: [save]: Total Executions: [1]: Time Average (ms): [1]

 [2020-11-09 15:41:07] Method Name: [save]: Total Executions: [1]: Time Average (ms): [1]

 [2020-11-09 15:41:42] Method Name: [save]: Total Executions: [1]: Time Average (ms): [2]

 [2020-11-09 15:42:07] Method Name: [save]: Total Executions: [1]: Time Average (ms): [5]

 [2020-11-09 15:42:17] Method Name: [save]: Total Executions: [1]: Time Average (ms): [2]

 [2020-11-09 15:42:52] Method Name: [save]: Total Executions: [1]: Time Average (ms): [1]

 [2020-11-09 15:43:07] Method Name: [save]: Total Executions: [1]: Time Average (ms): [1]

 [2020-11-09 15:43:27] Method Name: [save]: Total Executions: [1]: Time Average (ms): [2]

 [2020-11-09 15:44:02] Method Name: [save]: Total Executions: [1]: Time Average (ms): [1]

 [2020-11-09 15:44:07] Method Name: [save]: Total Executions: [1]: Time Average (ms): [1]

 [2020-11-09 15:44:37] Method Name: [save]: Total Executions: [1]: Time Average (ms): [1]

 [2020-11-09 15:45:07] Method Name: [save]: Total Executions: [1]: Time Average (ms): [1]

 [2020-11-09 15:45:12] Method Name: [save]: Total Executions: [1]: Time Average (ms): [2]

 [2020-11-09 15:45:47] Method Name: [save]: Total Executions: [1]: Time Average (ms): [1]

 [2020-11-09 15:46:07] Method Name: [save]: Total Executions: [1]: Time Average (ms): [1]

 [2020-11-09 15:46:22] Method Name: [save]: Total Executions: [1]: Time Average (ms): [2]

 [2020-11-09 15:46:57] Method Name: [save]: Total Executions: [1]: Time Average (ms): [1]

 [2020-11-09 15:47:07] Method Name: [save]: Total Executions: [1]: Time Average (ms): [2]

 [2020-11-09 15:47:32] Method Name: [save]: Total Executions: [1]: Time Average (ms): [1]

 [2020-11-09 15:48:07] Method Name: [save]: Total Executions: [1]: Time Average (ms): [2]

 [2020-11-09 15:48:07] Method Name: [save]: Total Executions: [1]: Time Average (ms): [1]

 [2020-11-09 15:48:42] Method Name: [save]: Total Executions: [1]: Time Average (ms): [2]

 [2020-11-09 15:49:07] Method Name: [save]: Total Executions: [1]: Time Average (ms): [1]

 [2020-11-09 15:49:17] Method Name: [save]: Total Executions: [1]: Time Average (ms): [2]

 [2020-11-09 15:49:52] Method Name: [save]: Total Executions: [1]: Time Average (ms): [1]

 [2020-11-09 15:50:07] Method Name: [save]: Total Executions: [1]: Time Average (ms): [1]

 [2020-11-09 15:50:27] Method Name: [save]: Total Executions: [1]: Time Average (ms): [1]

 [2020-11-09 15:51:02] Method Name: [save]: Total Executions: [1]: Time Average (ms): [1]

 [2020-11-09 15:51:07] Method Name: [save]: Total Executions: [1]: Time Average (ms): [1]

 [2020-11-09 15:51:37] Method Name: [save]: Total Executions: [1]: Time Average (ms): [1]

 [2020-11-09 15:52:07] Method Name: [save]: Total Executions: [1]: Time Average (ms): [2]

 [2020-11-09 15:52:12] Method Name: [save]: Total Executions: [1]: Time Average (ms): [1]

 [2020-11-09 15:52:47] Method Name: [save]: Total Executions: [1]: Time Average (ms): [1]

 [2020-11-09 15:53:07] Method Name: [save]: Total Executions: [1]: Time Average (ms): [1]

 [2020-11-09 15:53:22] Method Name: [save]: Total Executions: [1]: Time Average (ms): [1]

 [2020-11-09 15:53:57] Method Name: [save]: Total Executions: [1]: Time Average (ms): [1]

 [2020-11-09 15:54:07] Method Name: [save]: Total Executions: [1]: Time Average (ms): [1]

 [2020-11-09 15:54:32] Method Name: [save]: Total Executions: [1]: Time Average (ms): [1]

 [2020-11-09 15:55:07] Method Name: [save]: Total Executions: [1]: Time Average (ms): [1]

 [2020-11-09 15:55:07] Method Name: [save]: Total Executions: [1]: Time Average (ms): [1]

 [2020-11-09 15:55:42] Method Name: [save]: Total Executions: [1]: Time Average (ms): [1]

 [2020-11-09 15:56:07] Method Name: [save]: Total Executions: [1]: Time Average (ms): [1]

 [2020-11-09 15:56:17] Method Name: [save]: Total Executions: [1]: Time Average (ms): [1]

 [2020-11-09 15:56:52] Method Name: [save]: Total Executions: [1]: Time Average (ms): [1]

 [2020-11-09 15:57:07] Method Name: [save]: Total Executions: [1]: Time Average (ms): [1]

 [2020-11-09 15:57:27] Method Name: [save]: Total Executions: [1]: Time Average (ms): [1]

 [2020-11-09 15:58:02] Method Name: [save]: Total Executions: [1]: Time Average (ms): [2]

 [2020-11-09 15:58:07] Method Name: [save]: Total Executions: [1]: Time Average (ms): [1]

 [2020-11-09 15:58:37] Method Name: [save]: Total Executions: [1]: Time Average (ms): [1]

 [2020-11-09 15:59:07] Method Name: [save]: Total Executions: [1]: Time Average (ms): [1]

 [2020-11-09 15:59:12] Method Name: [save]: Total Executions: [1]: Time Average (ms): [2]

 [2020-11-09 15:59:47] Method Name: [save]: Total Executions: [1]: Time Average (ms): [1]

 [2020-11-09 16:00:07] Method Name: [save]: Total Executions: [1]: Time Average (ms): [1]

 [2020-11-09 16:00:22] Method Name: [save]: Total Executions: [1]: Time Average (ms): [2]

 [2020-11-09 16:00:57] Method Name: [save]: Total Executions: [1]: Time Average (ms): [3]

 [2020-11-09 16:01:07] Method Name: [save]: Total Executions: [1]: Time Average (ms): [2]

 [2020-11-09 16:01:32] Method Name: [save]: Total Executions: [1]: Time Average (ms): [1]

 [2020-11-09 16:02:07] Method Name: [save]: Total Executions: [1]: Time Average (ms): [1]

 [2020-11-09 16:02:07] Method Name: [save]: Total Executions: [1]: Time Average (ms): [3]

 [2020-11-09 16:02:42] Method Name: [save]: Total Executions: [1]: Time Average (ms): [1]

 [2020-11-09 16:03:07] Method Name: [save]: Total Executions: [1]: Time Average (ms): [1]

 [2020-11-09 16:03:17] Method Name: [save]: Total Executions: [1]: Time Average (ms): [1]

 [2020-11-09 16:03:52] Method Name: [save]: Total Executions: [1]: Time Average (ms): [1]

 [2020-11-09 16:04:07] Method Name: [save]: Total Executions: [1]: Time Average (ms): [1]

 [2020-11-09 16:04:27] Method Name: [save]: Total Executions: [1]: Time Average (ms): [2]

 [2020-11-09 16:05:02] Method Name: [save]: Total Executions: [1]: Time Average (ms): [1]

 [2020-11-09 16:05:07] Method Name: [save]: Total Executions: [1]: Time Average (ms): [1]

 [2020-11-09 16:05:37] Method Name: [save]: Total Executions: [1]: Time Average (ms): [1]

 [2020-11-09 16:06:07] Method Name: [save]: Total Executions: [1]: Time Average (ms): [1]

 [2020-11-09 16:06:12] Method Name: [save]: Total Executions: [1]: Time Average (ms): [1]

 [2020-11-09 16:06:47] Method Name: [save]: Total Executions: [1]: Time Average (ms): [1]

 [2020-11-09 16:07:07] Method Name: [save]: Total Executions: [1]: Time Average (ms): [1]

 [2020-11-09 16:07:22] Method Name: [save]: Total Executions: [1]: Time Average (ms): [1]
 [2020-11-09 16:07:22] Method Name: [getAll]: Total Executions: [1]: Time Average (ms): [18383]

 [2020-11-09 16:07:57] Method Name: [save]: Total Executions: [2]: Time Average (ms): [1]

 [2020-11-09 16:08:07] Method Name: [save]: Total Executions: [1]: Time Average (ms): [1]

 [2020-11-09 16:08:32] Method Name: [save]: Total Executions: [1]: Time Average (ms): [1]

 [2020-11-09 16:09:07] Method Name: [save]: Total Executions: [1]: Time Average (ms): [1]

 [2020-11-09 16:09:07] Method Name: [save]: Total Executions: [1]: Time Average (ms): [1]

 [2020-11-09 16:09:42] Method Name: [save]: Total Executions: [1]: Time Average (ms): [1]

 [2020-11-09 16:10:07] Method Name: [save]: Total Executions: [1]: Time Average (ms): [1]

 [2020-11-09 16:10:17] Method Name: [save]: Total Executions: [1]: Time Average (ms): [1]

 [2020-11-09 16:10:52] Method Name: [save]: Total Executions: [1]: Time Average (ms): [1]

 [2020-11-09 16:11:07] Method Name: [save]: Total Executions: [1]: Time Average (ms): [1]

 [2020-11-09 16:11:27] Method Name: [save]: Total Executions: [1]: Time Average (ms): [1]

 [2020-11-09 16:12:02] Method Name: [save]: Total Executions: [1]: Time Average (ms): [1]

 [2020-11-09 16:12:07] Method Name: [save]: Total Executions: [1]: Time Average (ms): [1]

 [2020-11-09 16:12:37] Method Name: [save]: Total Executions: [1]: Time Average (ms): [1]

 [2020-11-09 16:13:07] Method Name: [save]: Total Executions: [1]: Time Average (ms): [1]

 [2020-11-09 16:13:12] Method Name: [save]: Total Executions: [1]: Time Average (ms): [1]

 [2020-11-09 16:13:47] Method Name: [save]: Total Executions: [1]: Time Average (ms): [1]

 [2020-11-09 16:14:07] Method Name: [save]: Total Executions: [1]: Time Average (ms): [1]

 [2020-11-09 16:14:22] Method Name: [save]: Total Executions: [1]: Time Average (ms): [2]

 [2020-11-09 16:14:57] Method Name: [save]: Total Executions: [1]: Time Average (ms): [1]

 [2020-11-09 16:15:07] Method Name: [save]: Total Executions: [1]: Time Average (ms): [1]

 [2020-11-09 16:15:32] Method Name: [save]: Total Executions: [1]: Time Average (ms): [1]

 [2020-11-09 16:16:07] Method Name: [save]: Total Executions: [1]: Time Average (ms): [2]

 [2020-11-09 16:16:07] Method Name: [save]: Total Executions: [1]: Time Average (ms): [1]

 [2020-11-09 16:16:42] Method Name: [save]: Total Executions: [1]: Time Average (ms): [1]

 [2020-11-09 16:17:07] Method Name: [save]: Total Executions: [1]: Time Average (ms): [1]

 [2020-11-09 16:17:17] Method Name: [save]: Total Executions: [1]: Time Average (ms): [1]

 [2020-11-09 16:17:52] Method Name: [save]: Total Executions: [1]: Time Average (ms): [1]

 [2020-11-09 16:18:07] Method Name: [save]: Total Executions: [1]: Time Average (ms): [1]

 [2020-11-09 16:18:27] Method Name: [save]: Total Executions: [1]: Time Average (ms): [1]

 [2020-11-09 16:19:02] Method Name: [save]: Total Executions: [1]: Time Average (ms): [1]

 [2020-11-09 16:19:07] Method Name: [save]: Total Executions: [1]: Time Average (ms): [1]

 [2020-11-09 16:19:37] Method Name: [save]: Total Executions: [1]: Time Average (ms): [1]

 [2020-11-09 16:20:07] Method Name: [save]: Total Executions: [1]: Time Average (ms): [1]

 [2020-11-09 16:20:12] Method Name: [save]: Total Executions: [1]: Time Average (ms): [1]

 [2020-11-09 16:20:47] Method Name: [save]: Total Executions: [1]: Time Average (ms): [1]

 [2020-11-09 16:21:07] Method Name: [save]: Total Executions: [1]: Time Average (ms): [1]

 [2020-11-09 16:21:22] Method Name: [save]: Total Executions: [1]: Time Average (ms): [2]

 [2020-11-09 16:21:57] Method Name: [save]: Total Executions: [1]: Time Average (ms): [1]

 [2020-11-09 16:22:07] Method Name: [save]: Total Executions: [1]: Time Average (ms): [1]

 [2020-11-09 16:22:32] Method Name: [save]: Total Executions: [1]: Time Average (ms): [2]

 [2020-11-09 16:23:07] Method Name: [save]: Total Executions: [1]: Time Average (ms): [1]

 [2020-11-09 16:23:07] Method Name: [save]: Total Executions: [1]: Time Average (ms): [1]

 [2020-11-09 16:23:42] Method Name: [save]: Total Executions: [1]: Time Average (ms): [1]

 [2020-11-09 16:24:07] Method Name: [save]: Total Executions: [1]: Time Average (ms): [1]

 [2020-11-09 16:24:17] Method Name: [save]: Total Executions: [1]: Time Average (ms): [1]
