[2020-11-13 19:09:20] INFO  c.training.demo.TrainingApplication - []: Starting TrainingApplication on EISABA-NT0045 with PID 33980 (/home/eduardo-neto/Documentos/workspace_spring/training/target/classes started by eduardo-neto in /home/eduardo-neto/Documentos/workspace_spring/training)
[2020-11-13 19:09:20] INFO  c.training.demo.TrainingApplication - []: No active profile set, falling back to default profiles: default
[2020-11-13 19:09:25] INFO  o.s.d.r.c.RepositoryConfigurationDelegate - []: Bootstrapping Spring Data JPA repositories in DEFERRED mode.
[2020-11-13 19:09:25] INFO  o.s.d.r.c.RepositoryConfigurationDelegate - []: Finished Spring Data repository scanning in 124ms. Found 3 JPA repository interfaces.
[2020-11-13 19:09:26] INFO  o.s.b.w.e.tomcat.TomcatWebServer - []: Tomcat initialized with port(s): 8080 (http)
[2020-11-13 19:09:26] INFO  o.a.coyote.http11.Http11NioProtocol - []: Initializing ProtocolHandler ["http-nio-8080"]
[2020-11-13 19:09:26] INFO  o.a.catalina.core.StandardService - []: Starting service [Tomcat]
[2020-11-13 19:09:26] INFO  o.a.catalina.core.StandardEngine - []: Starting Servlet engine: [Apache Tomcat/9.0.39]
[2020-11-13 19:09:26] INFO  o.a.c.c.C.[Tomcat].[localhost].[/] - []: Initializing Spring embedded WebApplicationContext
[2020-11-13 19:09:26] INFO  o.s.b.w.s.c.ServletWebServerApplicationContext - []: Root WebApplicationContext: initialization completed in 5714 ms
[2020-11-13 19:09:26] INFO  com.zaxxer.hikari.HikariDataSource - []: HikariPool-1 - Starting...
[2020-11-13 19:09:26] INFO  com.zaxxer.hikari.HikariDataSource - []: HikariPool-1 - Start completed.
[2020-11-13 19:09:26] INFO  o.s.b.a.h.H2ConsoleAutoConfiguration - []: H2 console available at '/h2-console'. Database available at 'jdbc:h2:mem:testdb'
[2020-11-13 19:09:26] INFO  o.s.b.a.e.w.ServletEndpointRegistrar - []: Registered '/actuator/jolokia' to jolokia-actuator-endpoint
[2020-11-13 19:09:27] INFO  o.s.s.c.ThreadPoolTaskExecutor - []: Initializing ExecutorService 'applicationTaskExecutor'
[2020-11-13 19:09:27] INFO  o.h.jpa.internal.util.LogHelper - []: HHH000204: Processing PersistenceUnitInfo [name: default]
[2020-11-13 19:09:27] INFO  org.hibernate.Version - []: HHH000412: Hibernate ORM core version 5.4.22.Final
[2020-11-13 19:09:28] INFO  o.h.annotations.common.Version - []: HCANN000001: Hibernate Commons Annotations {5.1.0.Final}
[2020-11-13 19:09:28] WARN  o.s.b.a.o.j.JpaBaseConfiguration$JpaWebConfiguration - []: spring.jpa.open-in-view is enabled by default. Therefore, database queries may be performed during view rendering. Explicitly configure spring.jpa.open-in-view to disable this warning
[2020-11-13 19:09:28] INFO  org.hibernate.dialect.Dialect - []: HHH000400: Using dialect: org.hibernate.dialect.H2Dialect
[2020-11-13 19:09:28] INFO  o.s.b.a.e.web.EndpointLinksResolver - []: Exposing 14 endpoint(s) beneath base path '/actuator'
[2020-11-13 19:09:28] INFO  s.d.s.w.PropertySourcedRequestMappingHandlerMapping - []: Mapped URL path [/v2/api-docs] onto method [springfox.documentation.swagger2.web.Swagger2Controller#getDocumentation(String, HttpServletRequest)]
[2020-11-13 19:09:29] INFO  o.s.s.c.ThreadPoolTaskScheduler - []: Initializing ExecutorService
[2020-11-13 19:09:29] INFO  o.h.e.t.j.p.i.JtaPlatformInitiator - []: HHH000490: Using JtaPlatform implementation: [org.hibernate.engine.transaction.jta.platform.internal.NoJtaPlatform]
[2020-11-13 19:09:29] INFO  o.s.o.j.LocalContainerEntityManagerFactoryBean - []: Initialized JPA EntityManagerFactory for persistence unit 'default'
[2020-11-13 19:09:29] INFO  o.a.coyote.http11.Http11NioProtocol - []: Starting ProtocolHandler ["http-nio-8080"]
[2020-11-13 19:09:29] WARN  o.s.b.w.s.c.AnnotationConfigServletWebServerApplicationContext - []: Exception encountered during context initialization - cancelling refresh attempt: org.springframework.context.ApplicationContextException: Failed to start bean 'webServerStartStop'; nested exception is org.springframework.boot.web.server.WebServerException: Unable to start embedded Tomcat server
[2020-11-13 19:09:29] INFO  o.s.s.c.ThreadPoolTaskScheduler - []: Shutting down ExecutorService
[2020-11-13 19:09:29] INFO  o.s.o.j.LocalContainerEntityManagerFactoryBean - []: Closing JPA EntityManagerFactory for persistence unit 'default'
[2020-11-13 19:09:29] INFO  o.h.t.s.i.SchemaDropperImpl$DelayedDropActionImpl - []: HHH000477: Starting delayed evictData of schema as part of SessionFactory shut-down'
[2020-11-13 19:09:29] INFO  o.s.s.c.ThreadPoolTaskExecutor - []: Shutting down ExecutorService 'applicationTaskExecutor'
[2020-11-13 19:09:30] INFO  com.zaxxer.hikari.HikariDataSource - []: HikariPool-1 - Shutdown initiated...
[2020-11-13 19:09:30] INFO  com.zaxxer.hikari.HikariDataSource - []: HikariPool-1 - Shutdown completed.
[2020-11-13 19:09:30] INFO  o.a.coyote.http11.Http11NioProtocol - []: Pausing ProtocolHandler ["http-nio-8080"]
[2020-11-13 19:09:30] INFO  o.a.catalina.core.StandardService - []: Stopping service [Tomcat]
[2020-11-13 19:09:30] INFO  o.a.coyote.http11.Http11NioProtocol - []: Stopping ProtocolHandler ["http-nio-8080"]
[2020-11-13 19:09:30] INFO  o.a.coyote.http11.Http11NioProtocol - []: Destroying ProtocolHandler ["http-nio-8080"]
[2020-11-13 19:09:30] INFO  o.s.b.a.l.ConditionEvaluationReportLoggingListener - []: 

Error starting ApplicationContext. To display the conditions report re-run your application with 'debug' enabled.
[2020-11-13 19:09:30] ERROR o.s.boot.SpringApplication - []: Application run failed
org.springframework.context.ApplicationContextException: Failed to start bean 'webServerStartStop'; nested exception is org.springframework.boot.web.server.WebServerException: Unable to start embedded Tomcat server
	at org.springframework.context.support.DefaultLifecycleProcessor.doStart(DefaultLifecycleProcessor.java:185)
	at org.springframework.context.support.DefaultLifecycleProcessor.access$200(DefaultLifecycleProcessor.java:53)
	at org.springframework.context.support.DefaultLifecycleProcessor$LifecycleGroup.start(DefaultLifecycleProcessor.java:360)
	at org.springframework.context.support.DefaultLifecycleProcessor.startBeans(DefaultLifecycleProcessor.java:158)
	at org.springframework.context.support.DefaultLifecycleProcessor.onRefresh(DefaultLifecycleProcessor.java:122)
	at org.springframework.context.support.AbstractApplicationContext.finishRefresh(AbstractApplicationContext.java:895)
	at org.springframework.context.support.AbstractApplicationContext.refresh(AbstractApplicationContext.java:554)
	at org.springframework.boot.web.servlet.context.ServletWebServerApplicationContext.refresh(ServletWebServerApplicationContext.java:143)
	at org.springframework.boot.SpringApplication.refresh(SpringApplication.java:758)
	at org.springframework.boot.SpringApplication.refresh(SpringApplication.java:750)
	at org.springframework.boot.SpringApplication.refreshContext(SpringApplication.java:405)
	at org.springframework.boot.SpringApplication.run(SpringApplication.java:315)
	at org.springframework.boot.SpringApplication.run(SpringApplication.java:1237)
	at org.springframework.boot.SpringApplication.run(SpringApplication.java:1226)
	at com.training.demo.TrainingApplication.main(TrainingApplication.java:10)
Caused by: org.springframework.boot.web.server.WebServerException: Unable to start embedded Tomcat server
	at org.springframework.boot.web.embedded.tomcat.TomcatWebServer.start(TomcatWebServer.java:229)
	at org.springframework.boot.web.servlet.context.WebServerStartStopLifecycle.start(WebServerStartStopLifecycle.java:43)
	at org.springframework.context.support.DefaultLifecycleProcessor.doStart(DefaultLifecycleProcessor.java:182)
	... 14 common frames omitted
Caused by: java.lang.IllegalArgumentException: standardService.connector.startFailed
	at org.apache.catalina.core.StandardService.addConnector(StandardService.java:231)
	at org.springframework.boot.web.embedded.tomcat.TomcatWebServer.addPreviouslyRemovedConnectors(TomcatWebServer.java:282)
	at org.springframework.boot.web.embedded.tomcat.TomcatWebServer.start(TomcatWebServer.java:213)
	... 16 common frames omitted
Caused by: org.apache.catalina.LifecycleException: Protocol handler start failed
	at org.apache.catalina.connector.Connector.startInternal(Connector.java:1067)
	at org.apache.catalina.util.LifecycleBase.start(LifecycleBase.java:183)
	at org.apache.catalina.core.StandardService.addConnector(StandardService.java:227)
	... 18 common frames omitted
Caused by: java.net.BindException: Endereço já em uso
	at java.base/sun.nio.ch.Net.bind0(Native Method)
	at java.base/sun.nio.ch.Net.bind(Net.java:479)
	at java.base/sun.nio.ch.Net.bind(Net.java:468)
	at java.base/sun.nio.ch.ServerSocketChannelImpl.bind(ServerSocketChannelImpl.java:220)
	at java.base/sun.nio.ch.ServerSocketAdaptor.bind(ServerSocketAdaptor.java:88)
	at org.apache.tomcat.util.net.NioEndpoint.initServerSocket(NioEndpoint.java:228)
	at org.apache.tomcat.util.net.NioEndpoint.bind(NioEndpoint.java:211)
	at org.apache.tomcat.util.net.AbstractEndpoint.bindWithCleanup(AbstractEndpoint.java:1141)
	at org.apache.tomcat.util.net.AbstractEndpoint.start(AbstractEndpoint.java:1227)
	at org.apache.coyote.AbstractProtocol.start(AbstractProtocol.java:592)
	at org.apache.catalina.connector.Connector.startInternal(Connector.java:1064)
	... 20 common frames omitted
[2020-11-13 19:09:57] INFO  c.training.demo.TrainingApplication - []: Starting TrainingApplication on EISABA-NT0045 with PID 34143 (/home/eduardo-neto/Documentos/workspace_spring/training/target/classes started by eduardo-neto in /home/eduardo-neto/Documentos/workspace_spring/training)
[2020-11-13 19:09:57] INFO  c.training.demo.TrainingApplication - []: No active profile set, falling back to default profiles: default
[2020-11-13 19:09:59] INFO  o.s.d.r.c.RepositoryConfigurationDelegate - []: Bootstrapping Spring Data JPA repositories in DEFERRED mode.
[2020-11-13 19:09:59] INFO  o.s.d.r.c.RepositoryConfigurationDelegate - []: Finished Spring Data repository scanning in 72ms. Found 3 JPA repository interfaces.
[2020-11-13 19:10:00] INFO  o.s.b.w.e.tomcat.TomcatWebServer - []: Tomcat initialized with port(s): 8080 (http)
[2020-11-13 19:10:00] INFO  o.a.coyote.http11.Http11NioProtocol - []: Initializing ProtocolHandler ["http-nio-8080"]
[2020-11-13 19:10:00] INFO  o.a.catalina.core.StandardService - []: Starting service [Tomcat]
[2020-11-13 19:10:00] INFO  o.a.catalina.core.StandardEngine - []: Starting Servlet engine: [Apache Tomcat/9.0.39]
[2020-11-13 19:10:00] INFO  o.a.c.c.C.[Tomcat].[localhost].[/] - []: Initializing Spring embedded WebApplicationContext
[2020-11-13 19:10:00] INFO  o.s.b.w.s.c.ServletWebServerApplicationContext - []: Root WebApplicationContext: initialization completed in 2191 ms
[2020-11-13 19:10:00] INFO  com.zaxxer.hikari.HikariDataSource - []: HikariPool-1 - Starting...
[2020-11-13 19:10:00] INFO  com.zaxxer.hikari.HikariDataSource - []: HikariPool-1 - Start completed.
[2020-11-13 19:10:00] INFO  o.s.b.a.h.H2ConsoleAutoConfiguration - []: H2 console available at '/h2-console'. Database available at 'jdbc:h2:mem:testdb'
[2020-11-13 19:10:00] INFO  o.s.b.a.e.w.ServletEndpointRegistrar - []: Registered '/actuator/jolokia' to jolokia-actuator-endpoint
[2020-11-13 19:10:00] INFO  o.s.s.c.ThreadPoolTaskExecutor - []: Initializing ExecutorService 'applicationTaskExecutor'
[2020-11-13 19:10:00] INFO  o.h.jpa.internal.util.LogHelper - []: HHH000204: Processing PersistenceUnitInfo [name: default]
[2020-11-13 19:10:00] INFO  org.hibernate.Version - []: HHH000412: Hibernate ORM core version 5.4.22.Final
[2020-11-13 19:10:01] INFO  o.h.annotations.common.Version - []: HCANN000001: Hibernate Commons Annotations {5.1.0.Final}
[2020-11-13 19:10:01] INFO  org.hibernate.dialect.Dialect - []: HHH000400: Using dialect: org.hibernate.dialect.H2Dialect
[2020-11-13 19:10:02] INFO  o.h.e.t.j.p.i.JtaPlatformInitiator - []: HHH000490: Using JtaPlatform implementation: [org.hibernate.engine.transaction.jta.platform.internal.NoJtaPlatform]
[2020-11-13 19:10:02] INFO  o.s.o.j.LocalContainerEntityManagerFactoryBean - []: Initialized JPA EntityManagerFactory for persistence unit 'default'
[2020-11-13 19:10:07] WARN  o.s.b.a.o.j.JpaBaseConfiguration$JpaWebConfiguration - []: spring.jpa.open-in-view is enabled by default. Therefore, database queries may be performed during view rendering. Explicitly configure spring.jpa.open-in-view to disable this warning
[2020-11-13 19:10:07] INFO  o.s.b.a.e.web.EndpointLinksResolver - []: Exposing 14 endpoint(s) beneath base path '/actuator'
[2020-11-13 19:10:07] INFO  s.d.s.w.PropertySourcedRequestMappingHandlerMapping - []: Mapped URL path [/v2/api-docs] onto method [springfox.documentation.swagger2.web.Swagger2Controller#getDocumentation(String, HttpServletRequest)]
[2020-11-13 19:10:07] INFO  o.s.s.c.ThreadPoolTaskScheduler - []: Initializing ExecutorService
[2020-11-13 19:10:08] INFO  o.a.coyote.http11.Http11NioProtocol - []: Starting ProtocolHandler ["http-nio-8080"]
[2020-11-13 19:10:08] INFO  o.s.b.w.e.tomcat.TomcatWebServer - []: Tomcat started on port(s): 8080 (http) with context path ''
[2020-11-13 19:10:08] INFO  s.d.s.w.p.DocumentationPluginsBootstrapper - []: Context refreshed
[2020-11-13 19:10:08] INFO  s.d.s.w.p.DocumentationPluginsBootstrapper - []: Found 1 custom documentation plugin(s)
[2020-11-13 19:10:08] INFO  s.d.s.w.s.ApiListingReferenceScanner - []: Scanning for api listing references
[2020-11-13 19:10:08] INFO  o.a.c.c.C.[Tomcat].[localhost].[/] - []: Initializing Spring DispatcherServlet 'dispatcherServlet'
[2020-11-13 19:10:08] INFO  o.s.web.servlet.DispatcherServlet - []: Initializing Servlet 'dispatcherServlet'
[2020-11-13 19:10:08] INFO  o.s.web.servlet.DispatcherServlet - []: Completed initialization in 12 ms
[2020-11-13 19:10:08] INFO  s.d.s.w.r.o.CachingOperationNameGenerator - []: Generating unique operation named: handleUsingGET_1
[2020-11-13 19:10:08] INFO  s.d.s.w.r.o.CachingOperationNameGenerator - []: Generating unique operation named: handleUsingGET_2
[2020-11-13 19:10:08] INFO  s.d.s.w.r.o.CachingOperationNameGenerator - []: Generating unique operation named: handleUsingDELETE_1
[2020-11-13 19:10:08] INFO  s.d.s.w.r.o.CachingOperationNameGenerator - []: Generating unique operation named: handleUsingGET_3
[2020-11-13 19:10:08] INFO  s.d.s.w.r.o.CachingOperationNameGenerator - []: Generating unique operation named: handleUsingGET_4
[2020-11-13 19:10:08] INFO  s.d.s.w.r.o.CachingOperationNameGenerator - []: Generating unique operation named: handleUsingGET_5
[2020-11-13 19:10:08] INFO  s.d.s.w.r.o.CachingOperationNameGenerator - []: Generating unique operation named: handleUsingGET_6
[2020-11-13 19:10:08] INFO  s.d.s.w.r.o.CachingOperationNameGenerator - []: Generating unique operation named: handleUsingGET_7
[2020-11-13 19:10:08] INFO  s.d.s.w.r.o.CachingOperationNameGenerator - []: Generating unique operation named: handleUsingGET_8
[2020-11-13 19:10:08] INFO  s.d.s.w.r.o.CachingOperationNameGenerator - []: Generating unique operation named: handleUsingGET_9
[2020-11-13 19:10:08] INFO  s.d.s.w.r.o.CachingOperationNameGenerator - []: Generating unique operation named: handleUsingGET_10
[2020-11-13 19:10:08] INFO  s.d.s.w.r.o.CachingOperationNameGenerator - []: Generating unique operation named: handleUsingGET_11
[2020-11-13 19:10:08] INFO  s.d.s.w.r.o.CachingOperationNameGenerator - []: Generating unique operation named: handleUsingGET_12
[2020-11-13 19:10:08] INFO  s.d.s.w.r.o.CachingOperationNameGenerator - []: Generating unique operation named: handleUsingGET_13
[2020-11-13 19:10:08] INFO  s.d.s.w.r.o.CachingOperationNameGenerator - []: Generating unique operation named: handleUsingGET_14
[2020-11-13 19:10:08] INFO  s.d.s.w.r.o.CachingOperationNameGenerator - []: Generating unique operation named: handleUsingGET_15
[2020-11-13 19:10:08] INFO  s.d.s.w.r.o.CachingOperationNameGenerator - []: Generating unique operation named: handleUsingGET_16
[2020-11-13 19:10:08] INFO  s.d.s.w.r.o.CachingOperationNameGenerator - []: Generating unique operation named: handleUsingGET_17
[2020-11-13 19:10:08] INFO  o.s.d.r.c.DeferredRepositoryInitializationListener - []: Triggering deferred initialization of Spring Data repositories…
[2020-11-13 19:10:09] WARN  o.s.b.w.s.c.AnnotationConfigServletWebServerApplicationContext - []: Exception encountered during context initialization - cancelling refresh attempt: org.springframework.beans.factory.BeanCreationException: Error creating bean with name 'clientPhoneNumberRepository': FactoryBean threw exception on object creation; nested exception is java.lang.IllegalArgumentException: Not a managed type: class com.training.demo.models.ClientPhoneNumber
[2020-11-13 19:10:09] INFO  o.s.s.c.ThreadPoolTaskScheduler - []: Shutting down ExecutorService
[2020-11-13 19:10:09] INFO  o.s.o.j.LocalContainerEntityManagerFactoryBean - []: Closing JPA EntityManagerFactory for persistence unit 'default'
[2020-11-13 19:10:09] INFO  o.h.t.s.i.SchemaDropperImpl$DelayedDropActionImpl - []: HHH000477: Starting delayed evictData of schema as part of SessionFactory shut-down'
[2020-11-13 19:10:09] INFO  o.s.s.c.ThreadPoolTaskExecutor - []: Shutting down ExecutorService 'applicationTaskExecutor'
[2020-11-13 19:10:09] INFO  com.zaxxer.hikari.HikariDataSource - []: HikariPool-1 - Shutdown initiated...
[2020-11-13 19:10:09] INFO  com.zaxxer.hikari.HikariDataSource - []: HikariPool-1 - Shutdown completed.
[2020-11-13 19:10:09] INFO  o.a.coyote.http11.Http11NioProtocol - []: Pausing ProtocolHandler ["http-nio-8080"]
[2020-11-13 19:10:09] INFO  o.a.catalina.core.StandardService - []: Stopping service [Tomcat]
[2020-11-13 19:10:09] INFO  o.a.c.c.C.[Tomcat].[localhost].[/] - []: Destroying Spring FrameworkServlet 'dispatcherServlet'
[2020-11-13 19:10:09] INFO  o.a.coyote.http11.Http11NioProtocol - []: Stopping ProtocolHandler ["http-nio-8080"]
[2020-11-13 19:10:09] INFO  o.a.coyote.http11.Http11NioProtocol - []: Destroying ProtocolHandler ["http-nio-8080"]
[2020-11-13 19:10:09] INFO  o.s.b.a.l.ConditionEvaluationReportLoggingListener - []: 

Error starting ApplicationContext. To display the conditions report re-run your application with 'debug' enabled.
[2020-11-13 19:10:09] ERROR o.s.boot.SpringApplication - []: Application run failed
org.springframework.beans.factory.BeanCreationException: Error creating bean with name 'clientPhoneNumberRepository': FactoryBean threw exception on object creation; nested exception is java.lang.IllegalArgumentException: Not a managed type: class com.training.demo.models.ClientPhoneNumber
	at org.springframework.beans.factory.support.FactoryBeanRegistrySupport.doGetObjectFromFactoryBean(FactoryBeanRegistrySupport.java:176)
	at org.springframework.beans.factory.support.FactoryBeanRegistrySupport.getObjectFromFactoryBean(FactoryBeanRegistrySupport.java:101)
	at org.springframework.beans.factory.support.AbstractBeanFactory.getObjectForBeanInstance(AbstractBeanFactory.java:1828)
	at org.springframework.beans.factory.support.AbstractAutowireCapableBeanFactory.getObjectForBeanInstance(AbstractAutowireCapableBeanFactory.java:1265)
	at org.springframework.beans.factory.support.AbstractBeanFactory.doGetBean(AbstractBeanFactory.java:334)
	at org.springframework.beans.factory.support.AbstractBeanFactory.getBean(AbstractBeanFactory.java:202)
	at org.springframework.beans.factory.support.DefaultListableBeanFactory.getBeansOfType(DefaultListableBeanFactory.java:624)
	at org.springframework.beans.factory.support.DefaultListableBeanFactory.getBeansOfType(DefaultListableBeanFactory.java:612)
	at org.springframework.data.repository.config.DeferredRepositoryInitializationListener.onApplicationEvent(DeferredRepositoryInitializationListener.java:51)
	at org.springframework.data.repository.config.DeferredRepositoryInitializationListener.onApplicationEvent(DeferredRepositoryInitializationListener.java:36)
	at org.springframework.context.event.SimpleApplicationEventMulticaster.doInvokeListener(SimpleApplicationEventMulticaster.java:172)
	at org.springframework.context.event.SimpleApplicationEventMulticaster.invokeListener(SimpleApplicationEventMulticaster.java:165)
	at org.springframework.context.event.SimpleApplicationEventMulticaster.multicastEvent(SimpleApplicationEventMulticaster.java:139)
	at org.springframework.context.support.AbstractApplicationContext.publishEvent(AbstractApplicationContext.java:404)
	at org.springframework.context.support.AbstractApplicationContext.publishEvent(AbstractApplicationContext.java:361)
	at org.springframework.context.support.AbstractApplicationContext.finishRefresh(AbstractApplicationContext.java:898)
	at org.springframework.context.support.AbstractApplicationContext.refresh(AbstractApplicationContext.java:554)
	at org.springframework.boot.web.servlet.context.ServletWebServerApplicationContext.refresh(ServletWebServerApplicationContext.java:143)
	at org.springframework.boot.SpringApplication.refresh(SpringApplication.java:758)
	at org.springframework.boot.SpringApplication.refresh(SpringApplication.java:750)
	at org.springframework.boot.SpringApplication.refreshContext(SpringApplication.java:405)
	at org.springframework.boot.SpringApplication.run(SpringApplication.java:315)
	at org.springframework.boot.SpringApplication.run(SpringApplication.java:1237)
	at org.springframework.boot.SpringApplication.run(SpringApplication.java:1226)
	at com.training.demo.TrainingApplication.main(TrainingApplication.java:10)
Caused by: java.lang.IllegalArgumentException: Not a managed type: class com.training.demo.models.ClientPhoneNumber
	at org.hibernate.metamodel.internal.MetamodelImpl.managedType(MetamodelImpl.java:582)
	at org.hibernate.metamodel.internal.MetamodelImpl.managedType(MetamodelImpl.java:85)
	at org.springframework.data.jpa.repository.support.JpaMetamodelEntityInformation.<init>(JpaMetamodelEntityInformation.java:75)
	at org.springframework.data.jpa.repository.support.JpaEntityInformationSupport.getEntityInformation(JpaEntityInformationSupport.java:66)
	at org.springframework.data.jpa.repository.support.JpaRepositoryFactory.getEntityInformation(JpaRepositoryFactory.java:229)
	at org.springframework.data.jpa.repository.support.JpaRepositoryFactory.getTargetRepository(JpaRepositoryFactory.java:179)
	at org.springframework.data.jpa.repository.support.JpaRepositoryFactory.getTargetRepository(JpaRepositoryFactory.java:162)
	at org.springframework.data.jpa.repository.support.JpaRepositoryFactory.getTargetRepository(JpaRepositoryFactory.java:72)
	at org.springframework.data.repository.core.support.RepositoryFactorySupport.getRepository(RepositoryFactorySupport.java:310)
	at org.springframework.data.repository.core.support.RepositoryFactoryBeanSupport.lambda$afterPropertiesSet$5(RepositoryFactoryBeanSupport.java:297)
	at org.springframework.data.util.Lazy.getNullable(Lazy.java:211)
	at org.springframework.data.util.Lazy.get(Lazy.java:95)
	at org.springframework.data.repository.core.support.RepositoryFactoryBeanSupport.getObject(RepositoryFactoryBeanSupport.java:244)
	at org.springframework.data.repository.core.support.RepositoryFactoryBeanSupport.getObject(RepositoryFactoryBeanSupport.java:57)
	at org.springframework.beans.factory.support.FactoryBeanRegistrySupport.doGetObjectFromFactoryBean(FactoryBeanRegistrySupport.java:169)
	... 24 common frames omitted
[2020-11-13 19:11:20] INFO  c.training.demo.TrainingApplication - []: Starting TrainingApplication on EISABA-NT0045 with PID 34320 (/home/eduardo-neto/Documentos/workspace_spring/training/target/classes started by eduardo-neto in /home/eduardo-neto/Documentos/workspace_spring/training)
[2020-11-13 19:11:20] INFO  c.training.demo.TrainingApplication - []: No active profile set, falling back to default profiles: default
[2020-11-13 19:11:21] INFO  o.s.d.r.c.RepositoryConfigurationDelegate - []: Bootstrapping Spring Data JPA repositories in DEFERRED mode.
[2020-11-13 19:11:22] INFO  o.s.d.r.c.RepositoryConfigurationDelegate - []: Finished Spring Data repository scanning in 96ms. Found 3 JPA repository interfaces.
[2020-11-13 19:11:22] INFO  o.s.b.w.e.tomcat.TomcatWebServer - []: Tomcat initialized with port(s): 8080 (http)
[2020-11-13 19:11:22] INFO  o.a.coyote.http11.Http11NioProtocol - []: Initializing ProtocolHandler ["http-nio-8080"]
[2020-11-13 19:11:22] INFO  o.a.catalina.core.StandardService - []: Starting service [Tomcat]
[2020-11-13 19:11:22] INFO  o.a.catalina.core.StandardEngine - []: Starting Servlet engine: [Apache Tomcat/9.0.39]
[2020-11-13 19:11:23] INFO  o.a.c.c.C.[Tomcat].[localhost].[/] - []: Initializing Spring embedded WebApplicationContext
[2020-11-13 19:11:23] INFO  o.s.b.w.s.c.ServletWebServerApplicationContext - []: Root WebApplicationContext: initialization completed in 2435 ms
[2020-11-13 19:11:23] INFO  com.zaxxer.hikari.HikariDataSource - []: HikariPool-1 - Starting...
[2020-11-13 19:11:23] INFO  com.zaxxer.hikari.HikariDataSource - []: HikariPool-1 - Start completed.
[2020-11-13 19:11:23] INFO  o.s.b.a.h.H2ConsoleAutoConfiguration - []: H2 console available at '/h2-console'. Database available at 'jdbc:h2:mem:testdb'
[2020-11-13 19:11:23] INFO  o.s.b.a.e.w.ServletEndpointRegistrar - []: Registered '/actuator/jolokia' to jolokia-actuator-endpoint
[2020-11-13 19:11:23] INFO  o.s.s.c.ThreadPoolTaskExecutor - []: Initializing ExecutorService 'applicationTaskExecutor'
[2020-11-13 19:11:23] INFO  o.h.jpa.internal.util.LogHelper - []: HHH000204: Processing PersistenceUnitInfo [name: default]
[2020-11-13 19:11:23] INFO  org.hibernate.Version - []: HHH000412: Hibernate ORM core version 5.4.22.Final
[2020-11-13 19:11:23] INFO  o.h.annotations.common.Version - []: HCANN000001: Hibernate Commons Annotations {5.1.0.Final}
[2020-11-13 19:11:24] INFO  org.hibernate.dialect.Dialect - []: HHH000400: Using dialect: org.hibernate.dialect.H2Dialect
[2020-11-13 19:11:24] INFO  o.h.e.t.j.p.i.JtaPlatformInitiator - []: HHH000490: Using JtaPlatform implementation: [org.hibernate.engine.transaction.jta.platform.internal.NoJtaPlatform]
[2020-11-13 19:11:24] INFO  o.s.o.j.LocalContainerEntityManagerFactoryBean - []: Initialized JPA EntityManagerFactory for persistence unit 'default'
[2020-11-13 19:11:29] WARN  o.s.b.a.o.j.JpaBaseConfiguration$JpaWebConfiguration - []: spring.jpa.open-in-view is enabled by default. Therefore, database queries may be performed during view rendering. Explicitly configure spring.jpa.open-in-view to disable this warning
[2020-11-13 19:11:29] INFO  o.s.b.a.e.web.EndpointLinksResolver - []: Exposing 14 endpoint(s) beneath base path '/actuator'
[2020-11-13 19:11:30] INFO  s.d.s.w.PropertySourcedRequestMappingHandlerMapping - []: Mapped URL path [/v2/api-docs] onto method [springfox.documentation.swagger2.web.Swagger2Controller#getDocumentation(String, HttpServletRequest)]
[2020-11-13 19:11:30] INFO  o.s.s.c.ThreadPoolTaskScheduler - []: Initializing ExecutorService
[2020-11-13 19:11:30] INFO  o.a.coyote.http11.Http11NioProtocol - []: Starting ProtocolHandler ["http-nio-8080"]
[2020-11-13 19:11:30] INFO  o.s.b.w.e.tomcat.TomcatWebServer - []: Tomcat started on port(s): 8080 (http) with context path ''
[2020-11-13 19:11:30] INFO  s.d.s.w.p.DocumentationPluginsBootstrapper - []: Context refreshed
[2020-11-13 19:11:30] INFO  s.d.s.w.p.DocumentationPluginsBootstrapper - []: Found 1 custom documentation plugin(s)
[2020-11-13 19:11:30] INFO  s.d.s.w.s.ApiListingReferenceScanner - []: Scanning for api listing references
[2020-11-13 19:11:31] INFO  s.d.s.w.r.o.CachingOperationNameGenerator - []: Generating unique operation named: handleUsingGET_1
[2020-11-13 19:11:31] INFO  s.d.s.w.r.o.CachingOperationNameGenerator - []: Generating unique operation named: handleUsingGET_2
[2020-11-13 19:11:31] INFO  s.d.s.w.r.o.CachingOperationNameGenerator - []: Generating unique operation named: handleUsingDELETE_1
[2020-11-13 19:11:31] INFO  s.d.s.w.r.o.CachingOperationNameGenerator - []: Generating unique operation named: handleUsingGET_3
[2020-11-13 19:11:31] INFO  s.d.s.w.r.o.CachingOperationNameGenerator - []: Generating unique operation named: handleUsingGET_4
[2020-11-13 19:11:31] INFO  s.d.s.w.r.o.CachingOperationNameGenerator - []: Generating unique operation named: handleUsingGET_5
[2020-11-13 19:11:31] INFO  s.d.s.w.r.o.CachingOperationNameGenerator - []: Generating unique operation named: handleUsingGET_6
[2020-11-13 19:11:31] INFO  s.d.s.w.r.o.CachingOperationNameGenerator - []: Generating unique operation named: handleUsingGET_7
[2020-11-13 19:11:31] INFO  s.d.s.w.r.o.CachingOperationNameGenerator - []: Generating unique operation named: handleUsingGET_8
[2020-11-13 19:11:31] INFO  s.d.s.w.r.o.CachingOperationNameGenerator - []: Generating unique operation named: handleUsingGET_9
[2020-11-13 19:11:31] INFO  s.d.s.w.r.o.CachingOperationNameGenerator - []: Generating unique operation named: handleUsingGET_10
[2020-11-13 19:11:31] INFO  s.d.s.w.r.o.CachingOperationNameGenerator - []: Generating unique operation named: handleUsingGET_11
[2020-11-13 19:11:31] INFO  s.d.s.w.r.o.CachingOperationNameGenerator - []: Generating unique operation named: handleUsingGET_12
[2020-11-13 19:11:31] INFO  s.d.s.w.r.o.CachingOperationNameGenerator - []: Generating unique operation named: handleUsingGET_13
[2020-11-13 19:11:31] INFO  s.d.s.w.r.o.CachingOperationNameGenerator - []: Generating unique operation named: handleUsingGET_14
[2020-11-13 19:11:31] INFO  s.d.s.w.r.o.CachingOperationNameGenerator - []: Generating unique operation named: handleUsingGET_15
[2020-11-13 19:11:31] INFO  s.d.s.w.r.o.CachingOperationNameGenerator - []: Generating unique operation named: handleUsingGET_16
[2020-11-13 19:11:31] INFO  s.d.s.w.r.o.CachingOperationNameGenerator - []: Generating unique operation named: handleUsingGET_17
[2020-11-13 19:11:31] INFO  s.d.s.w.r.o.CachingOperationNameGenerator - []: Generating unique operation named: getAllUsingGET_1
[2020-11-13 19:11:31] INFO  s.d.s.w.r.o.CachingOperationNameGenerator - []: Generating unique operation named: getByIdUsingGET_1
[2020-11-13 19:11:31] INFO  s.d.s.w.r.o.CachingOperationNameGenerator - []: Generating unique operation named: saveUsingPOST_1
[2020-11-13 19:11:31] INFO  s.d.s.w.r.o.CachingOperationNameGenerator - []: Generating unique operation named: updateUsingPOST_1
[2020-11-13 19:11:31] INFO  o.s.d.r.c.DeferredRepositoryInitializationListener - []: Triggering deferred initialization of Spring Data repositories…
[2020-11-13 19:11:31] WARN  o.s.b.w.s.c.AnnotationConfigServletWebServerApplicationContext - []: Exception encountered during context initialization - cancelling refresh attempt: org.springframework.beans.factory.BeanCreationException: Error creating bean with name 'clientPhoneNumberRepository': FactoryBean threw exception on object creation; nested exception is java.lang.IllegalArgumentException: Not a managed type: class com.training.demo.models.ClientPhoneNumber
[2020-11-13 19:11:31] INFO  o.s.s.c.ThreadPoolTaskScheduler - []: Shutting down ExecutorService
[2020-11-13 19:11:31] INFO  o.s.o.j.LocalContainerEntityManagerFactoryBean - []: Closing JPA EntityManagerFactory for persistence unit 'default'
[2020-11-13 19:11:31] INFO  o.h.t.s.i.SchemaDropperImpl$DelayedDropActionImpl - []: HHH000477: Starting delayed evictData of schema as part of SessionFactory shut-down'
[2020-11-13 19:11:31] INFO  o.s.s.c.ThreadPoolTaskExecutor - []: Shutting down ExecutorService 'applicationTaskExecutor'
[2020-11-13 19:11:31] INFO  com.zaxxer.hikari.HikariDataSource - []: HikariPool-1 - Shutdown initiated...
[2020-11-13 19:11:31] INFO  com.zaxxer.hikari.HikariDataSource - []: HikariPool-1 - Shutdown completed.
[2020-11-13 19:11:31] INFO  o.a.coyote.http11.Http11NioProtocol - []: Pausing ProtocolHandler ["http-nio-8080"]
[2020-11-13 19:11:31] INFO  o.a.catalina.core.StandardService - []: Stopping service [Tomcat]
[2020-11-13 19:11:31] INFO  o.a.coyote.http11.Http11NioProtocol - []: Stopping ProtocolHandler ["http-nio-8080"]
[2020-11-13 19:11:31] INFO  o.a.coyote.http11.Http11NioProtocol - []: Destroying ProtocolHandler ["http-nio-8080"]
[2020-11-13 19:11:31] INFO  o.s.b.a.l.ConditionEvaluationReportLoggingListener - []: 

Error starting ApplicationContext. To display the conditions report re-run your application with 'debug' enabled.
[2020-11-13 19:11:31] ERROR o.s.boot.SpringApplication - []: Application run failed
org.springframework.beans.factory.BeanCreationException: Error creating bean with name 'clientPhoneNumberRepository': FactoryBean threw exception on object creation; nested exception is java.lang.IllegalArgumentException: Not a managed type: class com.training.demo.models.ClientPhoneNumber
	at org.springframework.beans.factory.support.FactoryBeanRegistrySupport.doGetObjectFromFactoryBean(FactoryBeanRegistrySupport.java:176)
	at org.springframework.beans.factory.support.FactoryBeanRegistrySupport.getObjectFromFactoryBean(FactoryBeanRegistrySupport.java:101)
	at org.springframework.beans.factory.support.AbstractBeanFactory.getObjectForBeanInstance(AbstractBeanFactory.java:1828)
	at org.springframework.beans.factory.support.AbstractAutowireCapableBeanFactory.getObjectForBeanInstance(AbstractAutowireCapableBeanFactory.java:1265)
	at org.springframework.beans.factory.support.AbstractBeanFactory.doGetBean(AbstractBeanFactory.java:334)
	at org.springframework.beans.factory.support.AbstractBeanFactory.getBean(AbstractBeanFactory.java:202)
	at org.springframework.beans.factory.support.DefaultListableBeanFactory.getBeansOfType(DefaultListableBeanFactory.java:624)
	at org.springframework.beans.factory.support.DefaultListableBeanFactory.getBeansOfType(DefaultListableBeanFactory.java:612)
	at org.springframework.data.repository.config.DeferredRepositoryInitializationListener.onApplicationEvent(DeferredRepositoryInitializationListener.java:51)
	at org.springframework.data.repository.config.DeferredRepositoryInitializationListener.onApplicationEvent(DeferredRepositoryInitializationListener.java:36)
	at org.springframework.context.event.SimpleApplicationEventMulticaster.doInvokeListener(SimpleApplicationEventMulticaster.java:172)
	at org.springframework.context.event.SimpleApplicationEventMulticaster.invokeListener(SimpleApplicationEventMulticaster.java:165)
	at org.springframework.context.event.SimpleApplicationEventMulticaster.multicastEvent(SimpleApplicationEventMulticaster.java:139)
	at org.springframework.context.support.AbstractApplicationContext.publishEvent(AbstractApplicationContext.java:404)
	at org.springframework.context.support.AbstractApplicationContext.publishEvent(AbstractApplicationContext.java:361)
	at org.springframework.context.support.AbstractApplicationContext.finishRefresh(AbstractApplicationContext.java:898)
	at org.springframework.context.support.AbstractApplicationContext.refresh(AbstractApplicationContext.java:554)
	at org.springframework.boot.web.servlet.context.ServletWebServerApplicationContext.refresh(ServletWebServerApplicationContext.java:143)
	at org.springframework.boot.SpringApplication.refresh(SpringApplication.java:758)
	at org.springframework.boot.SpringApplication.refresh(SpringApplication.java:750)
	at org.springframework.boot.SpringApplication.refreshContext(SpringApplication.java:405)
	at org.springframework.boot.SpringApplication.run(SpringApplication.java:315)
	at org.springframework.boot.SpringApplication.run(SpringApplication.java:1237)
	at org.springframework.boot.SpringApplication.run(SpringApplication.java:1226)
	at com.training.demo.TrainingApplication.main(TrainingApplication.java:10)
Caused by: java.lang.IllegalArgumentException: Not a managed type: class com.training.demo.models.ClientPhoneNumber
	at org.hibernate.metamodel.internal.MetamodelImpl.managedType(MetamodelImpl.java:582)
	at org.hibernate.metamodel.internal.MetamodelImpl.managedType(MetamodelImpl.java:85)
	at org.springframework.data.jpa.repository.support.JpaMetamodelEntityInformation.<init>(JpaMetamodelEntityInformation.java:75)
	at org.springframework.data.jpa.repository.support.JpaEntityInformationSupport.getEntityInformation(JpaEntityInformationSupport.java:66)
	at org.springframework.data.jpa.repository.support.JpaRepositoryFactory.getEntityInformation(JpaRepositoryFactory.java:229)
	at org.springframework.data.jpa.repository.support.JpaRepositoryFactory.getTargetRepository(JpaRepositoryFactory.java:179)
	at org.springframework.data.jpa.repository.support.JpaRepositoryFactory.getTargetRepository(JpaRepositoryFactory.java:162)
	at org.springframework.data.jpa.repository.support.JpaRepositoryFactory.getTargetRepository(JpaRepositoryFactory.java:72)
	at org.springframework.data.repository.core.support.RepositoryFactorySupport.getRepository(RepositoryFactorySupport.java:310)
	at org.springframework.data.repository.core.support.RepositoryFactoryBeanSupport.lambda$afterPropertiesSet$5(RepositoryFactoryBeanSupport.java:297)
	at org.springframework.data.util.Lazy.getNullable(Lazy.java:211)
	at org.springframework.data.util.Lazy.get(Lazy.java:95)
	at org.springframework.data.repository.core.support.RepositoryFactoryBeanSupport.getObject(RepositoryFactoryBeanSupport.java:244)
	at org.springframework.data.repository.core.support.RepositoryFactoryBeanSupport.getObject(RepositoryFactoryBeanSupport.java:57)
	at org.springframework.beans.factory.support.FactoryBeanRegistrySupport.doGetObjectFromFactoryBean(FactoryBeanRegistrySupport.java:169)
	... 24 common frames omitted
[2020-11-13 20:46:41] INFO  c.training.demo.TrainingApplication - []: Starting TrainingApplication on EISABA-NT0045 with PID 38285 (/home/eduardo-neto/Documentos/workspace_spring/training/target/classes started by eduardo-neto in /home/eduardo-neto/Documentos/workspace_spring/training)
[2020-11-13 20:46:41] INFO  c.training.demo.TrainingApplication - []: No active profile set, falling back to default profiles: default
[2020-11-13 20:46:42] INFO  o.s.d.r.c.RepositoryConfigurationDelegate - []: Bootstrapping Spring Data JPA repositories in DEFERRED mode.
[2020-11-13 20:46:42] INFO  o.s.d.r.c.RepositoryConfigurationDelegate - []: Finished Spring Data repository scanning in 44ms. Found 3 JPA repository interfaces.
[2020-11-13 20:46:43] INFO  o.s.b.w.e.tomcat.TomcatWebServer - []: Tomcat initialized with port(s): 8080 (http)
[2020-11-13 20:46:43] INFO  o.a.coyote.http11.Http11NioProtocol - []: Initializing ProtocolHandler ["http-nio-8080"]
[2020-11-13 20:46:43] INFO  o.a.catalina.core.StandardService - []: Starting service [Tomcat]
[2020-11-13 20:46:43] INFO  o.a.catalina.core.StandardEngine - []: Starting Servlet engine: [Apache Tomcat/9.0.39]
[2020-11-13 20:46:43] INFO  o.a.c.c.C.[Tomcat].[localhost].[/] - []: Initializing Spring embedded WebApplicationContext
[2020-11-13 20:46:43] INFO  o.s.b.w.s.c.ServletWebServerApplicationContext - []: Root WebApplicationContext: initialization completed in 2242 ms
[2020-11-13 20:46:43] INFO  com.zaxxer.hikari.HikariDataSource - []: HikariPool-1 - Starting...
[2020-11-13 20:46:43] INFO  com.zaxxer.hikari.HikariDataSource - []: HikariPool-1 - Start completed.
[2020-11-13 20:46:43] INFO  o.s.b.a.h.H2ConsoleAutoConfiguration - []: H2 console available at '/h2-console'. Database available at 'jdbc:h2:mem:testdb'
[2020-11-13 20:46:43] INFO  o.s.b.a.e.w.ServletEndpointRegistrar - []: Registered '/actuator/jolokia' to jolokia-actuator-endpoint
[2020-11-13 20:46:43] INFO  o.s.s.c.ThreadPoolTaskExecutor - []: Initializing ExecutorService 'applicationTaskExecutor'
[2020-11-13 20:46:43] INFO  o.h.jpa.internal.util.LogHelper - []: HHH000204: Processing PersistenceUnitInfo [name: default]
[2020-11-13 20:46:44] INFO  org.hibernate.Version - []: HHH000412: Hibernate ORM core version 5.4.22.Final
[2020-11-13 20:46:44] INFO  o.h.annotations.common.Version - []: HCANN000001: Hibernate Commons Annotations {5.1.0.Final}
[2020-11-13 20:46:44] INFO  org.hibernate.dialect.Dialect - []: HHH000400: Using dialect: org.hibernate.dialect.H2Dialect
[2020-11-13 20:46:44] WARN  o.s.b.a.o.j.JpaBaseConfiguration$JpaWebConfiguration - []: spring.jpa.open-in-view is enabled by default. Therefore, database queries may be performed during view rendering. Explicitly configure spring.jpa.open-in-view to disable this warning
[2020-11-13 20:46:44] INFO  o.s.b.a.e.web.EndpointLinksResolver - []: Exposing 14 endpoint(s) beneath base path '/actuator'
[2020-11-13 20:46:44] INFO  s.d.s.w.PropertySourcedRequestMappingHandlerMapping - []: Mapped URL path [/v2/api-docs] onto method [springfox.documentation.swagger2.web.Swagger2Controller#getDocumentation(String, HttpServletRequest)]
[2020-11-13 20:46:44] INFO  o.h.e.t.j.p.i.JtaPlatformInitiator - []: HHH000490: Using JtaPlatform implementation: [org.hibernate.engine.transaction.jta.platform.internal.NoJtaPlatform]
[2020-11-13 20:46:44] INFO  o.s.o.j.LocalContainerEntityManagerFactoryBean - []: Initialized JPA EntityManagerFactory for persistence unit 'default'
[2020-11-13 20:46:45] INFO  o.s.s.c.ThreadPoolTaskScheduler - []: Initializing ExecutorService
[2020-11-13 20:46:45] INFO  o.a.coyote.http11.Http11NioProtocol - []: Starting ProtocolHandler ["http-nio-8080"]
[2020-11-13 20:46:45] INFO  o.s.b.w.e.tomcat.TomcatWebServer - []: Tomcat started on port(s): 8080 (http) with context path ''
[2020-11-13 20:46:45] INFO  s.d.s.w.p.DocumentationPluginsBootstrapper - []: Context refreshed
[2020-11-13 20:46:45] INFO  s.d.s.w.p.DocumentationPluginsBootstrapper - []: Found 1 custom documentation plugin(s)
[2020-11-13 20:46:45] INFO  s.d.s.w.s.ApiListingReferenceScanner - []: Scanning for api listing references
[2020-11-13 20:46:45] INFO  s.d.s.w.r.o.CachingOperationNameGenerator - []: Generating unique operation named: handleUsingGET_1
[2020-11-13 20:46:45] INFO  s.d.s.w.r.o.CachingOperationNameGenerator - []: Generating unique operation named: handleUsingGET_2
[2020-11-13 20:46:45] INFO  s.d.s.w.r.o.CachingOperationNameGenerator - []: Generating unique operation named: handleUsingDELETE_1
[2020-11-13 20:46:45] INFO  s.d.s.w.r.o.CachingOperationNameGenerator - []: Generating unique operation named: handleUsingGET_3
[2020-11-13 20:46:45] INFO  s.d.s.w.r.o.CachingOperationNameGenerator - []: Generating unique operation named: handleUsingGET_4
[2020-11-13 20:46:45] INFO  s.d.s.w.r.o.CachingOperationNameGenerator - []: Generating unique operation named: handleUsingGET_5
[2020-11-13 20:46:45] INFO  s.d.s.w.r.o.CachingOperationNameGenerator - []: Generating unique operation named: handleUsingGET_6
[2020-11-13 20:46:45] INFO  s.d.s.w.r.o.CachingOperationNameGenerator - []: Generating unique operation named: handleUsingGET_7
[2020-11-13 20:46:45] INFO  s.d.s.w.r.o.CachingOperationNameGenerator - []: Generating unique operation named: handleUsingGET_8
[2020-11-13 20:46:45] INFO  s.d.s.w.r.o.CachingOperationNameGenerator - []: Generating unique operation named: handleUsingGET_9
[2020-11-13 20:46:45] INFO  s.d.s.w.r.o.CachingOperationNameGenerator - []: Generating unique operation named: handleUsingGET_10
[2020-11-13 20:46:45] INFO  s.d.s.w.r.o.CachingOperationNameGenerator - []: Generating unique operation named: handleUsingGET_11
[2020-11-13 20:46:45] INFO  s.d.s.w.r.o.CachingOperationNameGenerator - []: Generating unique operation named: handleUsingGET_12
[2020-11-13 20:46:45] INFO  s.d.s.w.r.o.CachingOperationNameGenerator - []: Generating unique operation named: handleUsingGET_13
[2020-11-13 20:46:45] INFO  s.d.s.w.r.o.CachingOperationNameGenerator - []: Generating unique operation named: handleUsingGET_14
[2020-11-13 20:46:45] INFO  s.d.s.w.r.o.CachingOperationNameGenerator - []: Generating unique operation named: handleUsingGET_15
[2020-11-13 20:46:45] INFO  s.d.s.w.r.o.CachingOperationNameGenerator - []: Generating unique operation named: handleUsingGET_16
[2020-11-13 20:46:45] INFO  s.d.s.w.r.o.CachingOperationNameGenerator - []: Generating unique operation named: handleUsingGET_17
[2020-11-13 20:46:45] INFO  s.d.s.w.r.o.CachingOperationNameGenerator - []: Generating unique operation named: getAllUsingGET_1
[2020-11-13 20:46:45] INFO  s.d.s.w.r.o.CachingOperationNameGenerator - []: Generating unique operation named: getByIdUsingGET_1
[2020-11-13 20:46:45] INFO  s.d.s.w.r.o.CachingOperationNameGenerator - []: Generating unique operation named: saveUsingPOST_1
[2020-11-13 20:46:45] INFO  s.d.s.w.r.o.CachingOperationNameGenerator - []: Generating unique operation named: updateUsingPOST_1
[2020-11-13 20:46:45] INFO  o.s.d.r.c.DeferredRepositoryInitializationListener - []: Triggering deferred initialization of Spring Data repositories…
[2020-11-13 20:46:45] WARN  o.s.b.w.s.c.AnnotationConfigServletWebServerApplicationContext - []: Exception encountered during context initialization - cancelling refresh attempt: org.springframework.beans.factory.BeanCreationException: Error creating bean with name 'clientPhoneNumberRepository': FactoryBean threw exception on object creation; nested exception is java.lang.IllegalArgumentException: Not a managed type: class com.training.demo.models.ClientPhoneNumber
[2020-11-13 20:46:45] INFO  o.s.s.c.ThreadPoolTaskScheduler - []: Shutting down ExecutorService
[2020-11-13 20:46:45] INFO  o.s.o.j.LocalContainerEntityManagerFactoryBean - []: Closing JPA EntityManagerFactory for persistence unit 'default'
[2020-11-13 20:46:45] INFO  o.h.t.s.i.SchemaDropperImpl$DelayedDropActionImpl - []: HHH000477: Starting delayed evictData of schema as part of SessionFactory shut-down'
[2020-11-13 20:46:45] INFO  o.s.s.c.ThreadPoolTaskExecutor - []: Shutting down ExecutorService 'applicationTaskExecutor'
[2020-11-13 20:46:45] INFO  com.zaxxer.hikari.HikariDataSource - []: HikariPool-1 - Shutdown initiated...
[2020-11-13 20:46:45] INFO  com.zaxxer.hikari.HikariDataSource - []: HikariPool-1 - Shutdown completed.
[2020-11-13 20:46:45] INFO  o.a.coyote.http11.Http11NioProtocol - []: Pausing ProtocolHandler ["http-nio-8080"]
[2020-11-13 20:46:45] INFO  o.a.catalina.core.StandardService - []: Stopping service [Tomcat]
[2020-11-13 20:46:45] INFO  o.a.coyote.http11.Http11NioProtocol - []: Stopping ProtocolHandler ["http-nio-8080"]
[2020-11-13 20:46:45] INFO  o.a.coyote.http11.Http11NioProtocol - []: Destroying ProtocolHandler ["http-nio-8080"]
[2020-11-13 20:46:45] INFO  o.s.b.a.l.ConditionEvaluationReportLoggingListener - []: 

Error starting ApplicationContext. To display the conditions report re-run your application with 'debug' enabled.
[2020-11-13 20:46:46] ERROR o.s.boot.SpringApplication - []: Application run failed
org.springframework.beans.factory.BeanCreationException: Error creating bean with name 'clientPhoneNumberRepository': FactoryBean threw exception on object creation; nested exception is java.lang.IllegalArgumentException: Not a managed type: class com.training.demo.models.ClientPhoneNumber
	at org.springframework.beans.factory.support.FactoryBeanRegistrySupport.doGetObjectFromFactoryBean(FactoryBeanRegistrySupport.java:176)
	at org.springframework.beans.factory.support.FactoryBeanRegistrySupport.getObjectFromFactoryBean(FactoryBeanRegistrySupport.java:101)
	at org.springframework.beans.factory.support.AbstractBeanFactory.getObjectForBeanInstance(AbstractBeanFactory.java:1828)
	at org.springframework.beans.factory.support.AbstractAutowireCapableBeanFactory.getObjectForBeanInstance(AbstractAutowireCapableBeanFactory.java:1265)
	at org.springframework.beans.factory.support.AbstractBeanFactory.doGetBean(AbstractBeanFactory.java:334)
	at org.springframework.beans.factory.support.AbstractBeanFactory.getBean(AbstractBeanFactory.java:202)
	at org.springframework.beans.factory.support.DefaultListableBeanFactory.getBeansOfType(DefaultListableBeanFactory.java:624)
	at org.springframework.beans.factory.support.DefaultListableBeanFactory.getBeansOfType(DefaultListableBeanFactory.java:612)
	at org.springframework.data.repository.config.DeferredRepositoryInitializationListener.onApplicationEvent(DeferredRepositoryInitializationListener.java:51)
	at org.springframework.data.repository.config.DeferredRepositoryInitializationListener.onApplicationEvent(DeferredRepositoryInitializationListener.java:36)
	at org.springframework.context.event.SimpleApplicationEventMulticaster.doInvokeListener(SimpleApplicationEventMulticaster.java:172)
	at org.springframework.context.event.SimpleApplicationEventMulticaster.invokeListener(SimpleApplicationEventMulticaster.java:165)
	at org.springframework.context.event.SimpleApplicationEventMulticaster.multicastEvent(SimpleApplicationEventMulticaster.java:139)
	at org.springframework.context.support.AbstractApplicationContext.publishEvent(AbstractApplicationContext.java:404)
	at org.springframework.context.support.AbstractApplicationContext.publishEvent(AbstractApplicationContext.java:361)
	at org.springframework.context.support.AbstractApplicationContext.finishRefresh(AbstractApplicationContext.java:898)
	at org.springframework.context.support.AbstractApplicationContext.refresh(AbstractApplicationContext.java:554)
	at org.springframework.boot.web.servlet.context.ServletWebServerApplicationContext.refresh(ServletWebServerApplicationContext.java:143)
	at org.springframework.boot.SpringApplication.refresh(SpringApplication.java:758)
	at org.springframework.boot.SpringApplication.refresh(SpringApplication.java:750)
	at org.springframework.boot.SpringApplication.refreshContext(SpringApplication.java:405)
	at org.springframework.boot.SpringApplication.run(SpringApplication.java:315)
	at org.springframework.boot.SpringApplication.run(SpringApplication.java:1237)
	at org.springframework.boot.SpringApplication.run(SpringApplication.java:1226)
	at com.training.demo.TrainingApplication.main(TrainingApplication.java:10)
Caused by: java.lang.IllegalArgumentException: Not a managed type: class com.training.demo.models.ClientPhoneNumber
	at org.hibernate.metamodel.internal.MetamodelImpl.managedType(MetamodelImpl.java:582)
	at org.hibernate.metamodel.internal.MetamodelImpl.managedType(MetamodelImpl.java:85)
	at org.springframework.data.jpa.repository.support.JpaMetamodelEntityInformation.<init>(JpaMetamodelEntityInformation.java:75)
	at org.springframework.data.jpa.repository.support.JpaEntityInformationSupport.getEntityInformation(JpaEntityInformationSupport.java:66)
	at org.springframework.data.jpa.repository.support.JpaRepositoryFactory.getEntityInformation(JpaRepositoryFactory.java:229)
	at org.springframework.data.jpa.repository.support.JpaRepositoryFactory.getTargetRepository(JpaRepositoryFactory.java:179)
	at org.springframework.data.jpa.repository.support.JpaRepositoryFactory.getTargetRepository(JpaRepositoryFactory.java:162)
	at org.springframework.data.jpa.repository.support.JpaRepositoryFactory.getTargetRepository(JpaRepositoryFactory.java:72)
	at org.springframework.data.repository.core.support.RepositoryFactorySupport.getRepository(RepositoryFactorySupport.java:310)
	at org.springframework.data.repository.core.support.RepositoryFactoryBeanSupport.lambda$afterPropertiesSet$5(RepositoryFactoryBeanSupport.java:297)
	at org.springframework.data.util.Lazy.getNullable(Lazy.java:211)
	at org.springframework.data.util.Lazy.get(Lazy.java:95)
	at org.springframework.data.repository.core.support.RepositoryFactoryBeanSupport.getObject(RepositoryFactoryBeanSupport.java:244)
	at org.springframework.data.repository.core.support.RepositoryFactoryBeanSupport.getObject(RepositoryFactoryBeanSupport.java:57)
	at org.springframework.beans.factory.support.FactoryBeanRegistrySupport.doGetObjectFromFactoryBean(FactoryBeanRegistrySupport.java:169)
	... 24 common frames omitted
[2020-11-13 20:47:57] INFO  c.training.demo.TrainingApplication - []: Starting TrainingApplication on EISABA-NT0045 with PID 38513 (/home/eduardo-neto/Documentos/workspace_spring/training/target/classes started by eduardo-neto in /home/eduardo-neto/Documentos/workspace_spring/training)
[2020-11-13 20:47:57] INFO  c.training.demo.TrainingApplication - []: No active profile set, falling back to default profiles: default
[2020-11-13 20:47:58] INFO  o.s.d.r.c.RepositoryConfigurationDelegate - []: Bootstrapping Spring Data JPA repositories in DEFERRED mode.
[2020-11-13 20:47:58] INFO  o.s.d.r.c.RepositoryConfigurationDelegate - []: Finished Spring Data repository scanning in 60ms. Found 3 JPA repository interfaces.
[2020-11-13 20:47:58] INFO  o.s.b.w.e.tomcat.TomcatWebServer - []: Tomcat initialized with port(s): 8080 (http)
[2020-11-13 20:47:58] INFO  o.a.coyote.http11.Http11NioProtocol - []: Initializing ProtocolHandler ["http-nio-8080"]
[2020-11-13 20:47:58] INFO  o.a.catalina.core.StandardService - []: Starting service [Tomcat]
[2020-11-13 20:47:58] INFO  o.a.catalina.core.StandardEngine - []: Starting Servlet engine: [Apache Tomcat/9.0.39]
[2020-11-13 20:47:59] INFO  o.a.c.c.C.[Tomcat].[localhost].[/] - []: Initializing Spring embedded WebApplicationContext
[2020-11-13 20:47:59] INFO  o.s.b.w.s.c.ServletWebServerApplicationContext - []: Root WebApplicationContext: initialization completed in 1831 ms
[2020-11-13 20:47:59] INFO  com.zaxxer.hikari.HikariDataSource - []: HikariPool-1 - Starting...
[2020-11-13 20:47:59] INFO  com.zaxxer.hikari.HikariDataSource - []: HikariPool-1 - Start completed.
[2020-11-13 20:47:59] INFO  o.s.b.a.h.H2ConsoleAutoConfiguration - []: H2 console available at '/h2-console'. Database available at 'jdbc:h2:mem:testdb'
[2020-11-13 20:47:59] INFO  o.s.b.a.e.w.ServletEndpointRegistrar - []: Registered '/actuator/jolokia' to jolokia-actuator-endpoint
[2020-11-13 20:47:59] INFO  o.s.s.c.ThreadPoolTaskExecutor - []: Initializing ExecutorService 'applicationTaskExecutor'
[2020-11-13 20:47:59] INFO  o.h.jpa.internal.util.LogHelper - []: HHH000204: Processing PersistenceUnitInfo [name: default]
[2020-11-13 20:47:59] INFO  org.hibernate.Version - []: HHH000412: Hibernate ORM core version 5.4.22.Final
[2020-11-13 20:47:59] INFO  o.h.annotations.common.Version - []: HCANN000001: Hibernate Commons Annotations {5.1.0.Final}
[2020-11-13 20:48:00] INFO  org.hibernate.dialect.Dialect - []: HHH000400: Using dialect: org.hibernate.dialect.H2Dialect
[2020-11-13 20:48:00] INFO  o.h.e.t.j.p.i.JtaPlatformInitiator - []: HHH000490: Using JtaPlatform implementation: [org.hibernate.engine.transaction.jta.platform.internal.NoJtaPlatform]
[2020-11-13 20:48:00] INFO  o.s.o.j.LocalContainerEntityManagerFactoryBean - []: Initialized JPA EntityManagerFactory for persistence unit 'default'
[2020-11-13 20:48:05] WARN  o.s.b.a.o.j.JpaBaseConfiguration$JpaWebConfiguration - []: spring.jpa.open-in-view is enabled by default. Therefore, database queries may be performed during view rendering. Explicitly configure spring.jpa.open-in-view to disable this warning
[2020-11-13 20:48:06] INFO  o.s.b.a.e.web.EndpointLinksResolver - []: Exposing 14 endpoint(s) beneath base path '/actuator'
[2020-11-13 20:48:06] INFO  s.d.s.w.PropertySourcedRequestMappingHandlerMapping - []: Mapped URL path [/v2/api-docs] onto method [springfox.documentation.swagger2.web.Swagger2Controller#getDocumentation(String, HttpServletRequest)]
[2020-11-13 20:48:06] INFO  o.s.s.c.ThreadPoolTaskScheduler - []: Initializing ExecutorService
[2020-11-13 20:48:06] INFO  o.a.coyote.http11.Http11NioProtocol - []: Starting ProtocolHandler ["http-nio-8080"]
[2020-11-13 20:48:06] INFO  o.s.b.w.e.tomcat.TomcatWebServer - []: Tomcat started on port(s): 8080 (http) with context path ''
[2020-11-13 20:48:06] INFO  s.d.s.w.p.DocumentationPluginsBootstrapper - []: Context refreshed
[2020-11-13 20:48:06] INFO  s.d.s.w.p.DocumentationPluginsBootstrapper - []: Found 1 custom documentation plugin(s)
[2020-11-13 20:48:06] INFO  s.d.s.w.s.ApiListingReferenceScanner - []: Scanning for api listing references
[2020-11-13 20:48:07] INFO  s.d.s.w.r.o.CachingOperationNameGenerator - []: Generating unique operation named: handleUsingGET_1
[2020-11-13 20:48:07] INFO  s.d.s.w.r.o.CachingOperationNameGenerator - []: Generating unique operation named: handleUsingGET_2
[2020-11-13 20:48:07] INFO  s.d.s.w.r.o.CachingOperationNameGenerator - []: Generating unique operation named: handleUsingDELETE_1
[2020-11-13 20:48:07] INFO  s.d.s.w.r.o.CachingOperationNameGenerator - []: Generating unique operation named: handleUsingGET_3
[2020-11-13 20:48:07] INFO  s.d.s.w.r.o.CachingOperationNameGenerator - []: Generating unique operation named: handleUsingGET_4
[2020-11-13 20:48:07] INFO  s.d.s.w.r.o.CachingOperationNameGenerator - []: Generating unique operation named: handleUsingGET_5
[2020-11-13 20:48:07] INFO  s.d.s.w.r.o.CachingOperationNameGenerator - []: Generating unique operation named: handleUsingGET_6
[2020-11-13 20:48:07] INFO  s.d.s.w.r.o.CachingOperationNameGenerator - []: Generating unique operation named: handleUsingGET_7
[2020-11-13 20:48:07] INFO  s.d.s.w.r.o.CachingOperationNameGenerator - []: Generating unique operation named: handleUsingGET_8
[2020-11-13 20:48:07] INFO  s.d.s.w.r.o.CachingOperationNameGenerator - []: Generating unique operation named: handleUsingGET_9
[2020-11-13 20:48:07] INFO  s.d.s.w.r.o.CachingOperationNameGenerator - []: Generating unique operation named: handleUsingGET_10
[2020-11-13 20:48:07] INFO  s.d.s.w.r.o.CachingOperationNameGenerator - []: Generating unique operation named: handleUsingGET_11
[2020-11-13 20:48:07] INFO  s.d.s.w.r.o.CachingOperationNameGenerator - []: Generating unique operation named: handleUsingGET_12
[2020-11-13 20:48:07] INFO  s.d.s.w.r.o.CachingOperationNameGenerator - []: Generating unique operation named: handleUsingGET_13
[2020-11-13 20:48:07] INFO  s.d.s.w.r.o.CachingOperationNameGenerator - []: Generating unique operation named: handleUsingGET_14
[2020-11-13 20:48:07] INFO  s.d.s.w.r.o.CachingOperationNameGenerator - []: Generating unique operation named: handleUsingGET_15
[2020-11-13 20:48:07] INFO  s.d.s.w.r.o.CachingOperationNameGenerator - []: Generating unique operation named: handleUsingGET_16
[2020-11-13 20:48:07] INFO  s.d.s.w.r.o.CachingOperationNameGenerator - []: Generating unique operation named: handleUsingGET_17
[2020-11-13 20:48:07] INFO  s.d.s.w.r.o.CachingOperationNameGenerator - []: Generating unique operation named: getAllUsingGET_1
[2020-11-13 20:48:07] INFO  s.d.s.w.r.o.CachingOperationNameGenerator - []: Generating unique operation named: getByIdUsingGET_1
[2020-11-13 20:48:07] INFO  s.d.s.w.r.o.CachingOperationNameGenerator - []: Generating unique operation named: saveUsingPOST_1
[2020-11-13 20:48:07] INFO  s.d.s.w.r.o.CachingOperationNameGenerator - []: Generating unique operation named: updateUsingPOST_1
[2020-11-13 20:48:07] INFO  o.s.d.r.c.DeferredRepositoryInitializationListener - []: Triggering deferred initialization of Spring Data repositories…
[2020-11-13 20:48:07] INFO  o.s.d.r.c.DeferredRepositoryInitializationListener - []: Spring Data repositories initialized!
[2020-11-13 20:48:07] INFO  c.training.demo.TrainingApplication - []: Started TrainingApplication in 10.746 seconds (JVM running for 11.901)
[2020-11-13 20:48:07] WARN  d.c.b.a.c.r.ApplicationRegistrator - []: Failed to register application as Application(name=spring-boot-application, managementUrl=http://EISABA-NT0045:8080/actuator, healthUrl=http://EISABA-NT0045:8080/actuator/health, serviceUrl=http://EISABA-NT0045:8080/) at spring-boot-admin ([http://localhost:8081/instances]): I/O error on POST request for "http://localhost:8081/instances": Conexão recusada; nested exception is java.net.ConnectException: Conexão recusada. Further attempts are logged on DEBUG level
[2020-11-13 20:48:09] INFO  o.a.c.c.C.[Tomcat].[localhost].[/] - []: Initializing Spring DispatcherServlet 'dispatcherServlet'
[2020-11-13 20:48:09] INFO  o.s.web.servlet.DispatcherServlet - []: Initializing Servlet 'dispatcherServlet'
[2020-11-13 20:48:09] INFO  o.s.web.servlet.DispatcherServlet - []: Completed initialization in 12 ms
